This file contains any messages produced by compilers while
running configure, to aid debugging if configure makes a mistake.

It was created by configure, which was
generated by GNU Autoconf 2.60.  Invocation command line was

  $ /root/download/startuppack/httpd-2.2.8/srclib/pcre/configure --prefix=/usr/local/apache2 --enable-mods-shared=all proxy proxy-ajp proxy-balancer filter deflate expires ssl rewrite mime-magic mem-cache info disk-cache dav dav-fs dav-lock --with-mpm=worker --cache-file=/dev/null --srcdir=/root/download/startuppack/httpd-2.2.8/srclib/pcre --prefix=/usr/local/apache2 --exec-prefix=/usr/local/apache2 --libdir=${prefix}/lib --includedir=/usr/local/apache2/include --bindir=${prefix}/bin

## --------- ##
## Platform. ##
## --------- ##

hostname = server01.idega.com
uname -m = i686
uname -r = 2.6.18-92.1.17.el5
uname -s = Linux
uname -v = #1 SMP Tue Nov 4 13:45:01 EST 2008

/usr/bin/uname -p = unknown
/bin/uname -X     = unknown

/bin/arch              = i686
/usr/bin/arch -k       = unknown
/usr/convex/getsysinfo = unknown
/usr/bin/hostinfo      = unknown
/bin/machine           = unknown
/usr/bin/oslevel       = unknown
/bin/universe          = unknown

PATH: /usr/kerberos/sbin
PATH: /usr/kerberos/bin
PATH: /usr/local/sbin
PATH: /usr/local/bin
PATH: /sbin
PATH: /bin
PATH: /usr/sbin
PATH: /usr/bin
PATH: /root/bin


## ----------- ##
## Core tests. ##
## ----------- ##

configure:1764: checking for gcc
configure:1791: result: gcc
configure:2029: checking for C compiler version
configure:2036: gcc --version >&5
gcc (GCC) 4.1.2 20071124 (Red Hat 4.1.2-42)
Copyright (C) 2006 Free Software Foundation, Inc.
This is free software; see the source for copying conditions.  There is NO
warranty; not even for MERCHANTABILITY or FITNESS FOR A PARTICULAR PURPOSE.

configure:2039: $? = 0
configure:2046: gcc -v >&5
Using built-in specs.
Target: i386-redhat-linux
Configured with: ../configure --prefix=/usr --mandir=/usr/share/man --infodir=/usr/share/info --enable-shared --enable-threads=posix --enable-checking=release --with-system-zlib --enable-__cxa_atexit --disable-libunwind-exceptions --enable-libgcj-multifile --enable-languages=c,c++,objc,obj-c++,java,fortran,ada --enable-java-awt=gtk --disable-dssi --enable-plugin --with-java-home=/usr/lib/jvm/java-1.4.2-gcj-1.4.2.0/jre --with-cpu=generic --host=i386-redhat-linux
Thread model: posix
gcc version 4.1.2 20071124 (Red Hat 4.1.2-42)
configure:2049: $? = 0
configure:2056: gcc -V >&5
gcc: '-V' option must have argument
configure:2059: $? = 1
configure:2082: checking for C compiler default output file name
configure:2109: gcc    conftest.c  >&5
configure:2112: $? = 0
configure:2158: result: a.out
configure:2163: checking whether the C compiler works
configure:2173: ./a.out
configure:2176: $? = 0
configure:2193: result: yes
configure:2200: checking whether we are cross compiling
configure:2202: result: no
configure:2205: checking for suffix of executables
configure:2212: gcc -o conftest    conftest.c  >&5
configure:2215: $? = 0
configure:2239: result: 
configure:2245: checking for suffix of object files
configure:2271: gcc -c   conftest.c >&5
configure:2274: $? = 0
configure:2297: result: o
configure:2301: checking whether we are using the GNU C compiler
configure:2330: gcc -c   conftest.c >&5
configure:2336: $? = 0
configure:2343: test -z "$ac_c_werror_flag" || test ! -s conftest.err
configure:2346: $? = 0
configure:2353: test -s conftest.o
configure:2356: $? = 0
configure:2370: result: yes
configure:2375: checking whether gcc accepts -g
configure:2405: gcc -c -g  conftest.c >&5
configure:2411: $? = 0
configure:2418: test -z "$ac_c_werror_flag" || test ! -s conftest.err
configure:2421: $? = 0
configure:2428: test -s conftest.o
configure:2431: $? = 0
configure:2561: result: yes
configure:2578: checking for gcc option to accept ISO C89
configure:2652: gcc  -c -g -O2  conftest.c >&5
configure:2658: $? = 0
configure:2665: test -z "$ac_c_werror_flag" || test ! -s conftest.err
configure:2668: $? = 0
configure:2675: test -s conftest.o
configure:2678: $? = 0
configure:2698: result: none needed
configure:2724: checking how to run the C preprocessor
configure:2854: result: gcc -E
configure:2883: gcc -E  conftest.c
configure:2889: $? = 0
configure:2927: gcc -E  conftest.c
conftest.c:8:28: error: ac_nonexistent.h: No such file or directory
configure:2933: $? = 1
configure: failed program was:
| /* confdefs.h.  */
| #define PACKAGE_NAME ""
| #define PACKAGE_TARNAME ""
| #define PACKAGE_VERSION ""
| #define PACKAGE_STRING ""
| #define PACKAGE_BUGREPORT ""
| /* end confdefs.h.  */
| #include <ac_nonexistent.h>
configure:2978: checking for grep that handles long lines and -e
configure:3052: result: /bin/grep
configure:3057: checking for egrep
configure:3135: result: /bin/grep -E
configure:3140: checking for ANSI C header files
configure:3170: gcc -c -g -O2  conftest.c >&5
configure:3176: $? = 0
configure:3183: test -z "$ac_c_werror_flag" || test ! -s conftest.err
configure:3186: $? = 0
configure:3193: test -s conftest.o
configure:3196: $? = 0
configure:3292: gcc -o conftest -g -O2   conftest.c  >&5
configure:3295: $? = 0
configure:3301: ./conftest
configure:3304: $? = 0
configure:3321: result: yes
configure:3345: checking for sys/types.h
configure:3366: gcc -c -g -O2  conftest.c >&5
configure:3372: $? = 0
configure:3379: test -z "$ac_c_werror_flag" || test ! -s conftest.err
configure:3382: $? = 0
configure:3389: test -s conftest.o
configure:3392: $? = 0
configure:3405: result: yes
configure:3345: checking for sys/stat.h
configure:3366: gcc -c -g -O2  conftest.c >&5
configure:3372: $? = 0
configure:3379: test -z "$ac_c_werror_flag" || test ! -s conftest.err
configure:3382: $? = 0
configure:3389: test -s conftest.o
configure:3392: $? = 0
configure:3405: result: yes
configure:3345: checking for stdlib.h
configure:3366: gcc -c -g -O2  conftest.c >&5
configure:3372: $? = 0
configure:3379: test -z "$ac_c_werror_flag" || test ! -s conftest.err
configure:3382: $? = 0
configure:3389: test -s conftest.o
configure:3392: $? = 0
configure:3405: result: yes
configure:3345: checking for string.h
configure:3366: gcc -c -g -O2  conftest.c >&5
configure:3372: $? = 0
configure:3379: test -z "$ac_c_werror_flag" || test ! -s conftest.err
configure:3382: $? = 0
configure:3389: test -s conftest.o
configure:3392: $? = 0
configure:3405: result: yes
configure:3345: checking for memory.h
configure:3366: gcc -c -g -O2  conftest.c >&5
configure:3372: $? = 0
configure:3379: test -z "$ac_c_werror_flag" || test ! -s conftest.err
configure:3382: $? = 0
configure:3389: test -s conftest.o
configure:3392: $? = 0
configure:3405: result: yes
configure:3345: checking for strings.h
configure:3366: gcc -c -g -O2  conftest.c >&5
configure:3372: $? = 0
configure:3379: test -z "$ac_c_werror_flag" || test ! -s conftest.err
configure:3382: $? = 0
configure:3389: test -s conftest.o
configure:3392: $? = 0
configure:3405: result: yes
configure:3345: checking for inttypes.h
configure:3366: gcc -c -g -O2  conftest.c >&5
configure:3372: $? = 0
configure:3379: test -z "$ac_c_werror_flag" || test ! -s conftest.err
configure:3382: $? = 0
configure:3389: test -s conftest.o
configure:3392: $? = 0
configure:3405: result: yes
configure:3345: checking for stdint.h
configure:3366: gcc -c -g -O2  conftest.c >&5
configure:3372: $? = 0
configure:3379: test -z "$ac_c_werror_flag" || test ! -s conftest.err
configure:3382: $? = 0
configure:3389: test -s conftest.o
configure:3392: $? = 0
configure:3405: result: yes
configure:3345: checking for unistd.h
configure:3366: gcc -c -g -O2  conftest.c >&5
configure:3372: $? = 0
configure:3379: test -z "$ac_c_werror_flag" || test ! -s conftest.err
configure:3382: $? = 0
configure:3389: test -s conftest.o
configure:3392: $? = 0
configure:3405: result: yes
configure:3432: checking limits.h usability
configure:3449: gcc -c -g -O2  conftest.c >&5
configure:3455: $? = 0
configure:3462: test -z "$ac_c_werror_flag" || test ! -s conftest.err
configure:3465: $? = 0
configure:3472: test -s conftest.o
configure:3475: $? = 0
configure:3486: result: yes
configure:3490: checking limits.h presence
configure:3505: gcc -E  conftest.c
configure:3511: $? = 0
configure:3532: result: yes
configure:3560: checking for limits.h
configure:3568: result: yes
configure:3583: checking for an ANSI C-conforming const
configure:3658: gcc -c -g -O2  conftest.c >&5
configure:3664: $? = 0
configure:3671: test -z "$ac_c_werror_flag" || test ! -s conftest.err
configure:3674: $? = 0
configure:3681: test -s conftest.o
configure:3684: $? = 0
configure:3696: result: yes
configure:3706: checking for size_t
configure:3736: gcc -c -g -O2  conftest.c >&5
configure:3742: $? = 0
configure:3749: test -z "$ac_c_werror_flag" || test ! -s conftest.err
configure:3752: $? = 0
configure:3759: test -s conftest.o
configure:3762: $? = 0
configure:3774: result: yes
configure:3794: checking for bcopy
configure:3850: gcc -o conftest -g -O2   conftest.c  >&5
conftest.c:42: warning: conflicting types for built-in function 'bcopy'
configure:3856: $? = 0
configure:3863: test -z "$ac_c_werror_flag" || test ! -s conftest.err
configure:3866: $? = 0
configure:3873: test -s conftest
configure:3876: $? = 0
configure:3890: result: yes
configure:3794: checking for memmove
configure:3850: gcc -o conftest -g -O2   conftest.c  >&5
conftest.c:43: warning: conflicting types for built-in function 'memmove'
configure:3856: $? = 0
configure:3863: test -z "$ac_c_werror_flag" || test ! -s conftest.err
configure:3866: $? = 0
configure:3873: test -s conftest
configure:3876: $? = 0
configure:3890: result: yes
configure:3794: checking for strerror
configure:3850: gcc -o conftest -g -O2   conftest.c  >&5
configure:3856: $? = 0
configure:3863: test -z "$ac_c_werror_flag" || test ! -s conftest.err
configure:3866: $? = 0
configure:3873: test -s conftest
configure:3876: $? = 0
configure:3890: result: yes
configure:4144: creating ./config.status

## ---------------------- ##
## Running config.status. ##
## ---------------------- ##

This file was extended by config.status, which was
generated by GNU Autoconf 2.60.  Invocation command line was

  CONFIG_FILES    = 
  CONFIG_HEADERS  = 
  CONFIG_LINKS    = 
  CONFIG_COMMANDS = 
  $ ./config.status 

on server01.idega.com

config.status:608: creating Makefile
config.status:608: creating pcre.h
config.status:608: creating pcre-config
config.status:608: creating config.h
config.status:825: config.h is unchanged
config.status:838: executing default commands

## ---------------- ##
## Cache variables. ##
## ---------------- ##

ac_cv_c_compiler_gnu=yes
ac_cv_c_const=yes
ac_cv_env_CC_set=set
ac_cv_env_CC_value=gcc
ac_cv_env_CFLAGS_set=
ac_cv_env_CFLAGS_value=
ac_cv_env_CPPFLAGS_set=
ac_cv_env_CPPFLAGS_value=
ac_cv_env_CPP_set=set
ac_cv_env_CPP_value='gcc -E'
ac_cv_env_LDFLAGS_set=
ac_cv_env_LDFLAGS_value=
ac_cv_env_build_alias_set=
ac_cv_env_build_alias_value=
ac_cv_env_host_alias_set=
ac_cv_env_host_alias_value=
ac_cv_env_target_alias_set=
ac_cv_env_target_alias_value=
ac_cv_func_bcopy=yes
ac_cv_func_memmove=yes
ac_cv_func_strerror=yes
ac_cv_header_inttypes_h=yes
ac_cv_header_limits_h=yes
ac_cv_header_memory_h=yes
ac_cv_header_stdc=yes
ac_cv_header_stdint_h=yes
ac_cv_header_stdlib_h=yes
ac_cv_header_string_h=yes
ac_cv_header_strings_h=yes
ac_cv_header_sys_stat_h=yes
ac_cv_header_sys_types_h=yes
ac_cv_header_unistd_h=yes
ac_cv_objext=o
ac_cv_path_EGREP='/bin/grep -E'
ac_cv_path_GREP=/bin/grep
ac_cv_prog_CPP='gcc -E'
ac_cv_prog_ac_ct_CC=gcc
ac_cv_prog_cc_c89=
ac_cv_prog_cc_g=yes
ac_cv_type_size_t=yes

## ----------------- ##
## Output variables. ##
## ----------------- ##

BUILD_EXEEXT=''
BUILD_OBJEXT=''
CC='gcc'
CC_FOR_BUILD=''
CFLAGS='-g -O2'
CFLAGS_FOR_BUILD=''
CPP='gcc -E'
CPPFLAGS=''
DEFS='-DHAVE_CONFIG_H'
EBCDIC=''
ECHO_C=''
ECHO_N='-n'
ECHO_T=''
EGREP='/bin/grep -E'
EXEEXT=''
GREP='/bin/grep'
HAVE_MEMMOVE=''
HAVE_STRERROR=''
LDFLAGS=''
LIBOBJS=''
LIBS=''
LIBSUFFIX='la'
LIBTOOL='./libtool'
LINK_SIZE=''
LTLIBOBJS=''
MATCH_LIMIT=''
NEWLINE=''
NO_RECURSE=''
OBJEXT='o'
PACKAGE_BUGREPORT=''
PACKAGE_NAME=''
PACKAGE_STRING=''
PACKAGE_TARNAME=''
PACKAGE_VERSION=''
PATH_SEPARATOR=':'
PCRE_DATE='13-Sep-2004'
PCRE_LIB_VERSION='0:1:0'
PCRE_MAJOR='5'
PCRE_MINOR='0'
PCRE_POSIXLIB_VERSION='0:0:0'
PCRE_VERSION='5.0'
POSIX_MALLOC_THRESHOLD='-DPOSIX_MALLOC_THRESHOLD=10'
SHELL='/bin/sh'
UCP=''
UTF8=''
ac_ct_CC='gcc'
bindir='${prefix}/bin'
build_alias=''
datadir='${datarootdir}'
datarootdir='${prefix}/share'
docdir='${datarootdir}/doc/${PACKAGE}'
dvidir='${docdir}'
exec_prefix='/usr/local/apache2'
host_alias=''
htmldir='${docdir}'
includedir='/usr/local/apache2/include'
infodir='${datarootdir}/info'
libdir='${prefix}/lib'
libexecdir='${exec_prefix}/libexec'
localedir='${datarootdir}/locale'
localstatedir='${prefix}/var'
mandir='${datarootdir}/man'
oldincludedir='/usr/include'
pdfdir='${docdir}'
prefix='/usr/local/apache2'
program_transform_name='s,x,x,'
psdir='${docdir}'
sbindir='${exec_prefix}/sbin'
sharedstatedir='${prefix}/com'
sysconfdir='${prefix}/etc'
target_alias=''

## ----------- ##
## confdefs.h. ##
## ----------- ##

#define PACKAGE_NAME ""
#define PACKAGE_TARNAME ""
#define PACKAGE_VERSION ""
#define PACKAGE_STRING ""
#define PACKAGE_BUGREPORT ""
#define STDC_HEADERS 1
#define HAVE_SYS_TYPES_H 1
#define HAVE_SYS_STAT_H 1
#define HAVE_STDLIB_H 1
#define HAVE_STRING_H 1
#define HAVE_MEMORY_H 1
#define HAVE_STRINGS_H 1
#define HAVE_INTTYPES_H 1
#define HAVE_STDINT_H 1
#define HAVE_UNISTD_H 1
#define HAVE_LIMITS_H 1
#define HAVE_BCOPY 1
#define HAVE_MEMMOVE 1
#define HAVE_STRERROR 1

configure: exit 0
