This file contains any messages produced by compilers while
running configure, to aid debugging if configure makes a mistake.

It was created by configure, which was
generated by GNU Autoconf 2.60.  Invocation command line was

  $ ./configure --prefix=/usr/local/apache2 --enable-mods-shared=all proxy proxy-ajp proxy-balancer filter deflate expires ssl rewrite mime-magic mem-cache info disk-cache dav dav-fs dav-lock --with-mpm=worker

## --------- ##
## Platform. ##
## --------- ##

hostname = server01.idega.com
uname -m = i686
uname -r = 2.6.18-92.1.17.el5
uname -s = Linux
uname -v = #1 SMP Tue Nov 4 13:45:01 EST 2008

/usr/bin/uname -p = unknown
/bin/uname -X     = unknown

/bin/arch              = i686
/usr/bin/arch -k       = unknown
/usr/convex/getsysinfo = unknown
/usr/bin/hostinfo      = unknown
/bin/machine           = unknown
/usr/bin/oslevel       = unknown
/bin/universe          = unknown

PATH: /usr/kerberos/sbin
PATH: /usr/kerberos/bin
PATH: /usr/local/sbin
PATH: /usr/local/bin
PATH: /sbin
PATH: /bin
PATH: /usr/sbin
PATH: /usr/bin
PATH: /root/bin


## ----------- ##
## Core tests. ##
## ----------- ##

configure:2266: checking for chosen layout
configure:2268: result: Apache
configure:3073: checking for working mkdir -p
configure:3089: result: yes
configure:3106: checking build system type
configure:3124: result: i686-pc-linux-gnu
configure:3146: checking host system type
configure:3161: result: i686-pc-linux-gnu
configure:3183: checking target system type
configure:3198: result: i686-pc-linux-gnu
configure:3270: checking for APR
configure:3352: result: reconfig
configure:3625: checking for APR-util
configure:3707: result: reconfig
configure:3953: checking for gcc
configure:3980: result: gcc
configure:4218: checking for C compiler version
configure:4225: gcc --version >&5
gcc (GCC) 4.1.2 20071124 (Red Hat 4.1.2-42)
Copyright (C) 2006 Free Software Foundation, Inc.
This is free software; see the source for copying conditions.  There is NO
warranty; not even for MERCHANTABILITY or FITNESS FOR A PARTICULAR PURPOSE.

configure:4228: $? = 0
configure:4235: gcc -v >&5
Using built-in specs.
Target: i386-redhat-linux
Configured with: ../configure --prefix=/usr --mandir=/usr/share/man --infodir=/usr/share/info --enable-shared --enable-threads=posix --enable-checking=release --with-system-zlib --enable-__cxa_atexit --disable-libunwind-exceptions --enable-libgcj-multifile --enable-languages=c,c++,objc,obj-c++,java,fortran,ada --enable-java-awt=gtk --disable-dssi --enable-plugin --with-java-home=/usr/lib/jvm/java-1.4.2-gcj-1.4.2.0/jre --with-cpu=generic --host=i386-redhat-linux
Thread model: posix
gcc version 4.1.2 20071124 (Red Hat 4.1.2-42)
configure:4238: $? = 0
configure:4245: gcc -V >&5
gcc: '-V' option must have argument
configure:4248: $? = 1
configure:4271: checking for C compiler default output file name
configure:4298: gcc  -g -O2 -pthread  -DLINUX=2 -D_REENTRANT -D_GNU_SOURCE -D_LARGEFILE64_SOURCE   conftest.c  >&5
configure:4301: $? = 0
configure:4347: result: a.out
configure:4352: checking whether the C compiler works
configure:4362: ./a.out
configure:4365: $? = 0
configure:4382: result: yes
configure:4389: checking whether we are cross compiling
configure:4391: result: no
configure:4394: checking for suffix of executables
configure:4401: gcc -o conftest  -g -O2 -pthread  -DLINUX=2 -D_REENTRANT -D_GNU_SOURCE -D_LARGEFILE64_SOURCE   conftest.c  >&5
configure:4404: $? = 0
configure:4428: result: 
configure:4434: checking for suffix of object files
configure:4460: gcc -c  -g -O2 -pthread  -DLINUX=2 -D_REENTRANT -D_GNU_SOURCE -D_LARGEFILE64_SOURCE conftest.c >&5
configure:4463: $? = 0
configure:4486: result: o
configure:4490: checking whether we are using the GNU C compiler
configure:4519: gcc -c  -g -O2 -pthread  -DLINUX=2 -D_REENTRANT -D_GNU_SOURCE -D_LARGEFILE64_SOURCE conftest.c >&5
configure:4525: $? = 0
configure:4532: test -z "$ac_c_werror_flag" || test ! -s conftest.err
configure:4535: $? = 0
configure:4542: test -s conftest.o
configure:4545: $? = 0
configure:4559: result: yes
configure:4564: checking whether gcc accepts -g
configure:4594: gcc -c -g  -DLINUX=2 -D_REENTRANT -D_GNU_SOURCE -D_LARGEFILE64_SOURCE conftest.c >&5
configure:4600: $? = 0
configure:4607: test -z "$ac_c_werror_flag" || test ! -s conftest.err
configure:4610: $? = 0
configure:4617: test -s conftest.o
configure:4620: $? = 0
configure:4750: result: yes
configure:4767: checking for gcc option to accept ISO C89
configure:4841: gcc  -c  -g -O2 -pthread  -DLINUX=2 -D_REENTRANT -D_GNU_SOURCE -D_LARGEFILE64_SOURCE conftest.c >&5
configure:4847: $? = 0
configure:4854: test -z "$ac_c_werror_flag" || test ! -s conftest.err
configure:4857: $? = 0
configure:4864: test -s conftest.o
configure:4867: $? = 0
configure:4887: result: none needed
configure:4910: checking how to run the C preprocessor
configure:5040: result: gcc -E
configure:5069: gcc -E  -DLINUX=2 -D_REENTRANT -D_GNU_SOURCE -D_LARGEFILE64_SOURCE conftest.c
configure:5075: $? = 0
configure:5113: gcc -E  -DLINUX=2 -D_REENTRANT -D_GNU_SOURCE -D_LARGEFILE64_SOURCE conftest.c
conftest.c:8:28: error: ac_nonexistent.h: No such file or directory
configure:5119: $? = 1
configure: failed program was:
| /* confdefs.h.  */
| #define PACKAGE_NAME ""
| #define PACKAGE_TARNAME ""
| #define PACKAGE_VERSION ""
| #define PACKAGE_STRING ""
| #define PACKAGE_BUGREPORT ""
| /* end confdefs.h.  */
| #include <ac_nonexistent.h>
configure:5284: Configuring PCRE regular expression library
configure:5727: checking for rm
configure:5745: found /bin/rm
configure:5757: result: /bin/rm
configure:5767: checking for pkg-config
configure:5785: found /usr/bin/pkg-config
configure:5797: result: /usr/bin/pkg-config
configure:5807: checking for rsync
configure:5825: found /usr/bin/rsync
configure:5837: result: /usr/bin/rsync
configure:5849: checking for gawk
configure:5865: found /bin/gawk
configure:5876: result: gawk
configure:5887: checking whether ln -s works
configure:5891: result: yes
configure:5941: checking for ranlib
configure:5957: found /usr/bin/ranlib
configure:5968: result: ranlib
configure:5998: checking for lynx
configure:6028: result: no
configure:5998: checking for links
configure:6014: found /usr/bin/links
configure:6025: result: links
configure:6052: checking for grep that handles long lines and -e
configure:6126: result: /bin/grep
configure:6131: checking for egrep
configure:6209: result: /bin/grep -E
configure:6215: checking for AIX
configure:6237: result: no
configure:6243: checking for library containing strerror
configure:6284: gcc -o conftest  -g -O2 -pthread  -DLINUX=2 -D_REENTRANT -D_GNU_SOURCE -D_LARGEFILE64_SOURCE   conftest.c  >&5
configure:6290: $? = 0
configure:6297: test -z "$ac_c_werror_flag" || test ! -s conftest.err
configure:6300: $? = 0
configure:6307: test -s conftest
configure:6310: $? = 0
configure:6334: result: none required
configure:6342: checking for ANSI C header files
configure:6372: gcc -c  -g -O2 -pthread  -DLINUX=2 -D_REENTRANT -D_GNU_SOURCE -D_LARGEFILE64_SOURCE conftest.c >&5
configure:6378: $? = 0
configure:6385: test -z "$ac_c_werror_flag" || test ! -s conftest.err
configure:6388: $? = 0
configure:6395: test -s conftest.o
configure:6398: $? = 0
configure:6494: gcc -o conftest  -g -O2 -pthread  -DLINUX=2 -D_REENTRANT -D_GNU_SOURCE -D_LARGEFILE64_SOURCE   conftest.c  >&5
configure:6497: $? = 0
configure:6503: ./conftest
configure:6506: $? = 0
configure:6523: result: yes
configure:6547: checking for sys/types.h
configure:6568: gcc -c  -g -O2 -pthread  -DLINUX=2 -D_REENTRANT -D_GNU_SOURCE -D_LARGEFILE64_SOURCE conftest.c >&5
configure:6574: $? = 0
configure:6581: test -z "$ac_c_werror_flag" || test ! -s conftest.err
configure:6584: $? = 0
configure:6591: test -s conftest.o
configure:6594: $? = 0
configure:6607: result: yes
configure:6547: checking for sys/stat.h
configure:6568: gcc -c  -g -O2 -pthread  -DLINUX=2 -D_REENTRANT -D_GNU_SOURCE -D_LARGEFILE64_SOURCE conftest.c >&5
configure:6574: $? = 0
configure:6581: test -z "$ac_c_werror_flag" || test ! -s conftest.err
configure:6584: $? = 0
configure:6591: test -s conftest.o
configure:6594: $? = 0
configure:6607: result: yes
configure:6547: checking for stdlib.h
configure:6568: gcc -c  -g -O2 -pthread  -DLINUX=2 -D_REENTRANT -D_GNU_SOURCE -D_LARGEFILE64_SOURCE conftest.c >&5
configure:6574: $? = 0
configure:6581: test -z "$ac_c_werror_flag" || test ! -s conftest.err
configure:6584: $? = 0
configure:6591: test -s conftest.o
configure:6594: $? = 0
configure:6607: result: yes
configure:6547: checking for string.h
configure:6568: gcc -c  -g -O2 -pthread  -DLINUX=2 -D_REENTRANT -D_GNU_SOURCE -D_LARGEFILE64_SOURCE conftest.c >&5
configure:6574: $? = 0
configure:6581: test -z "$ac_c_werror_flag" || test ! -s conftest.err
configure:6584: $? = 0
configure:6591: test -s conftest.o
configure:6594: $? = 0
configure:6607: result: yes
configure:6547: checking for memory.h
configure:6568: gcc -c  -g -O2 -pthread  -DLINUX=2 -D_REENTRANT -D_GNU_SOURCE -D_LARGEFILE64_SOURCE conftest.c >&5
configure:6574: $? = 0
configure:6581: test -z "$ac_c_werror_flag" || test ! -s conftest.err
configure:6584: $? = 0
configure:6591: test -s conftest.o
configure:6594: $? = 0
configure:6607: result: yes
configure:6547: checking for strings.h
configure:6568: gcc -c  -g -O2 -pthread  -DLINUX=2 -D_REENTRANT -D_GNU_SOURCE -D_LARGEFILE64_SOURCE conftest.c >&5
configure:6574: $? = 0
configure:6581: test -z "$ac_c_werror_flag" || test ! -s conftest.err
configure:6584: $? = 0
configure:6591: test -s conftest.o
configure:6594: $? = 0
configure:6607: result: yes
configure:6547: checking for inttypes.h
configure:6568: gcc -c  -g -O2 -pthread  -DLINUX=2 -D_REENTRANT -D_GNU_SOURCE -D_LARGEFILE64_SOURCE conftest.c >&5
configure:6574: $? = 0
configure:6581: test -z "$ac_c_werror_flag" || test ! -s conftest.err
configure:6584: $? = 0
configure:6591: test -s conftest.o
configure:6594: $? = 0
configure:6607: result: yes
configure:6547: checking for stdint.h
configure:6568: gcc -c  -g -O2 -pthread  -DLINUX=2 -D_REENTRANT -D_GNU_SOURCE -D_LARGEFILE64_SOURCE conftest.c >&5
configure:6574: $? = 0
configure:6581: test -z "$ac_c_werror_flag" || test ! -s conftest.err
configure:6584: $? = 0
configure:6591: test -s conftest.o
configure:6594: $? = 0
configure:6607: result: yes
configure:6547: checking for unistd.h
configure:6568: gcc -c  -g -O2 -pthread  -DLINUX=2 -D_REENTRANT -D_GNU_SOURCE -D_LARGEFILE64_SOURCE conftest.c >&5
configure:6574: $? = 0
configure:6581: test -z "$ac_c_werror_flag" || test ! -s conftest.err
configure:6584: $? = 0
configure:6591: test -s conftest.o
configure:6594: $? = 0
configure:6607: result: yes
configure:6629: checking minix/config.h usability
configure:6646: gcc -c  -g -O2 -pthread  -DLINUX=2 -D_REENTRANT -D_GNU_SOURCE -D_LARGEFILE64_SOURCE conftest.c >&5
conftest.c:51:26: error: minix/config.h: No such file or directory
configure:6652: $? = 1
configure: failed program was:
| /* confdefs.h.  */
| #define PACKAGE_NAME ""
| #define PACKAGE_TARNAME ""
| #define PACKAGE_VERSION ""
| #define PACKAGE_STRING ""
| #define PACKAGE_BUGREPORT ""
| #define STDC_HEADERS 1
| #define HAVE_SYS_TYPES_H 1
| #define HAVE_SYS_STAT_H 1
| #define HAVE_STDLIB_H 1
| #define HAVE_STRING_H 1
| #define HAVE_MEMORY_H 1
| #define HAVE_STRINGS_H 1
| #define HAVE_INTTYPES_H 1
| #define HAVE_STDINT_H 1
| #define HAVE_UNISTD_H 1
| /* end confdefs.h.  */
| #include <stdio.h>
| #if HAVE_SYS_TYPES_H
| # include <sys/types.h>
| #endif
| #if HAVE_SYS_STAT_H
| # include <sys/stat.h>
| #endif
| #if STDC_HEADERS
| # include <stdlib.h>
| # include <stddef.h>
| #else
| # if HAVE_STDLIB_H
| #  include <stdlib.h>
| # endif
| #endif
| #if HAVE_STRING_H
| # if !STDC_HEADERS && HAVE_MEMORY_H
| #  include <memory.h>
| # endif
| # include <string.h>
| #endif
| #if HAVE_STRINGS_H
| # include <strings.h>
| #endif
| #if HAVE_INTTYPES_H
| # include <inttypes.h>
| #endif
| #if HAVE_STDINT_H
| # include <stdint.h>
| #endif
| #if HAVE_UNISTD_H
| # include <unistd.h>
| #endif
| #include <minix/config.h>
configure:6683: result: no
configure:6687: checking minix/config.h presence
configure:6702: gcc -E  -DLINUX=2 -D_REENTRANT -D_GNU_SOURCE -D_LARGEFILE64_SOURCE conftest.c
conftest.c:18:26: error: minix/config.h: No such file or directory
configure:6708: $? = 1
configure: failed program was:
| /* confdefs.h.  */
| #define PACKAGE_NAME ""
| #define PACKAGE_TARNAME ""
| #define PACKAGE_VERSION ""
| #define PACKAGE_STRING ""
| #define PACKAGE_BUGREPORT ""
| #define STDC_HEADERS 1
| #define HAVE_SYS_TYPES_H 1
| #define HAVE_SYS_STAT_H 1
| #define HAVE_STDLIB_H 1
| #define HAVE_STRING_H 1
| #define HAVE_MEMORY_H 1
| #define HAVE_STRINGS_H 1
| #define HAVE_INTTYPES_H 1
| #define HAVE_STDINT_H 1
| #define HAVE_UNISTD_H 1
| /* end confdefs.h.  */
| #include <minix/config.h>
configure:6729: result: no
configure:6757: checking for minix/config.h
configure:6764: result: no
configure:6946: checking for ANSI C header files
configure:7127: result: yes
configure:7162: checking for string.h
configure:7168: result: yes
configure:7172: checking limits.h usability
configure:7189: gcc -c  -g -O2 -pthread  -DLINUX=2 -D_REENTRANT -D_GNU_SOURCE -D_LARGEFILE64_SOURCE conftest.c >&5
configure:7195: $? = 0
configure:7202: test -z "$ac_c_werror_flag" || test ! -s conftest.err
configure:7205: $? = 0
configure:7212: test -s conftest.o
configure:7215: $? = 0
configure:7226: result: yes
configure:7230: checking limits.h presence
configure:7245: gcc -E  -DLINUX=2 -D_REENTRANT -D_GNU_SOURCE -D_LARGEFILE64_SOURCE conftest.c
configure:7251: $? = 0
configure:7272: result: yes
configure:7300: checking for limits.h
configure:7308: result: yes
configure:7162: checking for unistd.h
configure:7168: result: yes
configure:7172: checking sys/socket.h usability
configure:7189: gcc -c  -g -O2 -pthread  -DLINUX=2 -D_REENTRANT -D_GNU_SOURCE -D_LARGEFILE64_SOURCE conftest.c >&5
configure:7195: $? = 0
configure:7202: test -z "$ac_c_werror_flag" || test ! -s conftest.err
configure:7205: $? = 0
configure:7212: test -s conftest.o
configure:7215: $? = 0
configure:7226: result: yes
configure:7230: checking sys/socket.h presence
configure:7245: gcc -E  -DLINUX=2 -D_REENTRANT -D_GNU_SOURCE -D_LARGEFILE64_SOURCE conftest.c
configure:7251: $? = 0
configure:7272: result: yes
configure:7300: checking for sys/socket.h
configure:7308: result: yes
configure:7172: checking pwd.h usability
configure:7189: gcc -c  -g -O2 -pthread  -DLINUX=2 -D_REENTRANT -D_GNU_SOURCE -D_LARGEFILE64_SOURCE conftest.c >&5
configure:7195: $? = 0
configure:7202: test -z "$ac_c_werror_flag" || test ! -s conftest.err
configure:7205: $? = 0
configure:7212: test -s conftest.o
configure:7215: $? = 0
configure:7226: result: yes
configure:7230: checking pwd.h presence
configure:7245: gcc -E  -DLINUX=2 -D_REENTRANT -D_GNU_SOURCE -D_LARGEFILE64_SOURCE conftest.c
configure:7251: $? = 0
configure:7272: result: yes
configure:7300: checking for pwd.h
configure:7308: result: yes
configure:7172: checking grp.h usability
configure:7189: gcc -c  -g -O2 -pthread  -DLINUX=2 -D_REENTRANT -D_GNU_SOURCE -D_LARGEFILE64_SOURCE conftest.c >&5
configure:7195: $? = 0
configure:7202: test -z "$ac_c_werror_flag" || test ! -s conftest.err
configure:7205: $? = 0
configure:7212: test -s conftest.o
configure:7215: $? = 0
configure:7226: result: yes
configure:7230: checking grp.h presence
configure:7245: gcc -E  -DLINUX=2 -D_REENTRANT -D_GNU_SOURCE -D_LARGEFILE64_SOURCE conftest.c
configure:7251: $? = 0
configure:7272: result: yes
configure:7300: checking for grp.h
configure:7308: result: yes
configure:7162: checking for strings.h
configure:7168: result: yes
configure:7172: checking sys/prctl.h usability
configure:7189: gcc -c  -g -O2 -pthread  -DLINUX=2 -D_REENTRANT -D_GNU_SOURCE -D_LARGEFILE64_SOURCE conftest.c >&5
configure:7195: $? = 0
configure:7202: test -z "$ac_c_werror_flag" || test ! -s conftest.err
configure:7205: $? = 0
configure:7212: test -s conftest.o
configure:7215: $? = 0
configure:7226: result: yes
configure:7230: checking sys/prctl.h presence
configure:7245: gcc -E  -DLINUX=2 -D_REENTRANT -D_GNU_SOURCE -D_LARGEFILE64_SOURCE conftest.c
configure:7251: $? = 0
configure:7272: result: yes
configure:7300: checking for sys/prctl.h
configure:7308: result: yes
configure:7172: checking sys/processor.h usability
configure:7189: gcc -c  -g -O2 -pthread  -DLINUX=2 -D_REENTRANT -D_GNU_SOURCE -D_LARGEFILE64_SOURCE conftest.c >&5
conftest.c:60:27: error: sys/processor.h: No such file or directory
configure:7195: $? = 1
configure: failed program was:
| /* confdefs.h.  */
| #define PACKAGE_NAME ""
| #define PACKAGE_TARNAME ""
| #define PACKAGE_VERSION ""
| #define PACKAGE_STRING ""
| #define PACKAGE_BUGREPORT ""
| #define STDC_HEADERS 1
| #define HAVE_SYS_TYPES_H 1
| #define HAVE_SYS_STAT_H 1
| #define HAVE_STDLIB_H 1
| #define HAVE_STRING_H 1
| #define HAVE_MEMORY_H 1
| #define HAVE_STRINGS_H 1
| #define HAVE_INTTYPES_H 1
| #define HAVE_STDINT_H 1
| #define HAVE_UNISTD_H 1
| #define STDC_HEADERS 1
| #define HAVE_STRING_H 1
| #define HAVE_LIMITS_H 1
| #define HAVE_UNISTD_H 1
| #define HAVE_SYS_SOCKET_H 1
| #define HAVE_PWD_H 1
| #define HAVE_GRP_H 1
| #define HAVE_STRINGS_H 1
| #define HAVE_SYS_PRCTL_H 1
| /* end confdefs.h.  */
| #include <stdio.h>
| #if HAVE_SYS_TYPES_H
| # include <sys/types.h>
| #endif
| #if HAVE_SYS_STAT_H
| # include <sys/stat.h>
| #endif
| #if STDC_HEADERS
| # include <stdlib.h>
| # include <stddef.h>
| #else
| # if HAVE_STDLIB_H
| #  include <stdlib.h>
| # endif
| #endif
| #if HAVE_STRING_H
| # if !STDC_HEADERS && HAVE_MEMORY_H
| #  include <memory.h>
| # endif
| # include <string.h>
| #endif
| #if HAVE_STRINGS_H
| # include <strings.h>
| #endif
| #if HAVE_INTTYPES_H
| # include <inttypes.h>
| #endif
| #if HAVE_STDINT_H
| # include <stdint.h>
| #endif
| #if HAVE_UNISTD_H
| # include <unistd.h>
| #endif
| #include <sys/processor.h>
configure:7226: result: no
configure:7230: checking sys/processor.h presence
configure:7245: gcc -E  -DLINUX=2 -D_REENTRANT -D_GNU_SOURCE -D_LARGEFILE64_SOURCE conftest.c
conftest.c:27:27: error: sys/processor.h: No such file or directory
configure:7251: $? = 1
configure: failed program was:
| /* confdefs.h.  */
| #define PACKAGE_NAME ""
| #define PACKAGE_TARNAME ""
| #define PACKAGE_VERSION ""
| #define PACKAGE_STRING ""
| #define PACKAGE_BUGREPORT ""
| #define STDC_HEADERS 1
| #define HAVE_SYS_TYPES_H 1
| #define HAVE_SYS_STAT_H 1
| #define HAVE_STDLIB_H 1
| #define HAVE_STRING_H 1
| #define HAVE_MEMORY_H 1
| #define HAVE_STRINGS_H 1
| #define HAVE_INTTYPES_H 1
| #define HAVE_STDINT_H 1
| #define HAVE_UNISTD_H 1
| #define STDC_HEADERS 1
| #define HAVE_STRING_H 1
| #define HAVE_LIMITS_H 1
| #define HAVE_UNISTD_H 1
| #define HAVE_SYS_SOCKET_H 1
| #define HAVE_PWD_H 1
| #define HAVE_GRP_H 1
| #define HAVE_STRINGS_H 1
| #define HAVE_SYS_PRCTL_H 1
| /* end confdefs.h.  */
| #include <sys/processor.h>
configure:7272: result: no
configure:7300: checking for sys/processor.h
configure:7308: result: no
configure:7172: checking sys/sem.h usability
configure:7189: gcc -c  -g -O2 -pthread  -DLINUX=2 -D_REENTRANT -D_GNU_SOURCE -D_LARGEFILE64_SOURCE conftest.c >&5
configure:7195: $? = 0
configure:7202: test -z "$ac_c_werror_flag" || test ! -s conftest.err
configure:7205: $? = 0
configure:7212: test -s conftest.o
configure:7215: $? = 0
configure:7226: result: yes
configure:7230: checking sys/sem.h presence
configure:7245: gcc -E  -DLINUX=2 -D_REENTRANT -D_GNU_SOURCE -D_LARGEFILE64_SOURCE conftest.c
configure:7251: $? = 0
configure:7272: result: yes
configure:7300: checking for sys/sem.h
configure:7308: result: yes
configure:7321: checking for sys/wait.h that is POSIX.1 compatible
configure:7357: gcc -c  -g -O2 -pthread  -DLINUX=2 -D_REENTRANT -D_GNU_SOURCE -D_LARGEFILE64_SOURCE conftest.c >&5
configure:7363: $? = 0
configure:7370: test -z "$ac_c_werror_flag" || test ! -s conftest.err
configure:7373: $? = 0
configure:7380: test -s conftest.o
configure:7383: $? = 0
configure:7395: result: yes
configure:7407: checking for an ANSI C-conforming const
configure:7482: gcc -c  -g -O2 -pthread  -DLINUX=2 -D_REENTRANT -D_GNU_SOURCE -D_LARGEFILE64_SOURCE conftest.c >&5
configure:7488: $? = 0
configure:7495: test -z "$ac_c_werror_flag" || test ! -s conftest.err
configure:7498: $? = 0
configure:7505: test -s conftest.o
configure:7508: $? = 0
configure:7520: result: yes
configure:7531: checking for library containing sqrt
configure:7572: gcc -o conftest  -g -O2 -pthread  -DLINUX=2 -D_REENTRANT -D_GNU_SOURCE -D_LARGEFILE64_SOURCE   conftest.c  >&5
conftest.c:36: warning: conflicting types for built-in function 'sqrt'
/tmp/ccE4rzGO.o: In function `main':
/root/download/startuppack/httpd-2.2.8/conftest.c:40: undefined reference to `sqrt'
collect2: ld returned 1 exit status
configure:7578: $? = 1
configure: failed program was:
| /* confdefs.h.  */
| #define PACKAGE_NAME ""
| #define PACKAGE_TARNAME ""
| #define PACKAGE_VERSION ""
| #define PACKAGE_STRING ""
| #define PACKAGE_BUGREPORT ""
| #define STDC_HEADERS 1
| #define HAVE_SYS_TYPES_H 1
| #define HAVE_SYS_STAT_H 1
| #define HAVE_STDLIB_H 1
| #define HAVE_STRING_H 1
| #define HAVE_MEMORY_H 1
| #define HAVE_STRINGS_H 1
| #define HAVE_INTTYPES_H 1
| #define HAVE_STDINT_H 1
| #define HAVE_UNISTD_H 1
| #define STDC_HEADERS 1
| #define HAVE_STRING_H 1
| #define HAVE_LIMITS_H 1
| #define HAVE_UNISTD_H 1
| #define HAVE_SYS_SOCKET_H 1
| #define HAVE_PWD_H 1
| #define HAVE_GRP_H 1
| #define HAVE_STRINGS_H 1
| #define HAVE_SYS_PRCTL_H 1
| #define HAVE_SYS_SEM_H 1
| #define HAVE_SYS_WAIT_H 1
| /* end confdefs.h.  */
| 
| /* Override any GCC internal prototype to avoid an error.
|    Use char because int might match the return type of a GCC
|    builtin and then its argument prototype would still apply.  */
| #ifdef __cplusplus
| extern "C"
| #endif
| char sqrt ();
| int
| main ()
| {
| return sqrt ();
|   ;
|   return 0;
| }
configure:7572: gcc -o conftest  -g -O2 -pthread  -DLINUX=2 -D_REENTRANT -D_GNU_SOURCE -D_LARGEFILE64_SOURCE   conftest.c -lm   >&5
conftest.c:36: warning: conflicting types for built-in function 'sqrt'
configure:7578: $? = 0
configure:7585: test -z "$ac_c_werror_flag" || test ! -s conftest.err
configure:7588: $? = 0
configure:7595: test -s conftest
configure:7598: $? = 0
configure:7622: result: -lm
configure:7650: checking for getpwnam
configure:7706: gcc -o conftest  -g -O2 -pthread  -DLINUX=2 -D_REENTRANT -D_GNU_SOURCE -D_LARGEFILE64_SOURCE   conftest.c -lm  >&5
configure:7712: $? = 0
configure:7719: test -z "$ac_c_werror_flag" || test ! -s conftest.err
configure:7722: $? = 0
configure:7729: test -s conftest
configure:7732: $? = 0
configure:7746: result: yes
configure:7650: checking for getgrnam
configure:7706: gcc -o conftest  -g -O2 -pthread  -DLINUX=2 -D_REENTRANT -D_GNU_SOURCE -D_LARGEFILE64_SOURCE   conftest.c -lm  >&5
configure:7712: $? = 0
configure:7719: test -z "$ac_c_werror_flag" || test ! -s conftest.err
configure:7722: $? = 0
configure:7729: test -s conftest
configure:7732: $? = 0
configure:7746: result: yes
configure:7650: checking for initgroups
configure:7706: gcc -o conftest  -g -O2 -pthread  -DLINUX=2 -D_REENTRANT -D_GNU_SOURCE -D_LARGEFILE64_SOURCE   conftest.c -lm  >&5
configure:7712: $? = 0
configure:7719: test -z "$ac_c_werror_flag" || test ! -s conftest.err
configure:7722: $? = 0
configure:7729: test -s conftest
configure:7732: $? = 0
configure:7746: result: yes
configure:7650: checking for bindprocessor
configure:7706: gcc -o conftest  -g -O2 -pthread  -DLINUX=2 -D_REENTRANT -D_GNU_SOURCE -D_LARGEFILE64_SOURCE   conftest.c -lm  >&5
/tmp/ccm3T6cJ.o: In function `main':
/root/download/startuppack/httpd-2.2.8/conftest.c:66: undefined reference to `bindprocessor'
collect2: ld returned 1 exit status
configure:7712: $? = 1
configure: failed program was:
| /* confdefs.h.  */
| #define PACKAGE_NAME ""
| #define PACKAGE_TARNAME ""
| #define PACKAGE_VERSION ""
| #define PACKAGE_STRING ""
| #define PACKAGE_BUGREPORT ""
| #define STDC_HEADERS 1
| #define HAVE_SYS_TYPES_H 1
| #define HAVE_SYS_STAT_H 1
| #define HAVE_STDLIB_H 1
| #define HAVE_STRING_H 1
| #define HAVE_MEMORY_H 1
| #define HAVE_STRINGS_H 1
| #define HAVE_INTTYPES_H 1
| #define HAVE_STDINT_H 1
| #define HAVE_UNISTD_H 1
| #define STDC_HEADERS 1
| #define HAVE_STRING_H 1
| #define HAVE_LIMITS_H 1
| #define HAVE_UNISTD_H 1
| #define HAVE_SYS_SOCKET_H 1
| #define HAVE_PWD_H 1
| #define HAVE_GRP_H 1
| #define HAVE_STRINGS_H 1
| #define HAVE_SYS_PRCTL_H 1
| #define HAVE_SYS_SEM_H 1
| #define HAVE_SYS_WAIT_H 1
| #define HAVE_GETPWNAM 1
| #define HAVE_GETGRNAM 1
| #define HAVE_INITGROUPS 1
| /* end confdefs.h.  */
| /* Define bindprocessor to an innocuous variant, in case <limits.h> declares bindprocessor.
|    For example, HP-UX 11i <limits.h> declares gettimeofday.  */
| #define bindprocessor innocuous_bindprocessor
| 
| /* System header to define __stub macros and hopefully few prototypes,
|     which can conflict with char bindprocessor (); below.
|     Prefer <limits.h> to <assert.h> if __STDC__ is defined, since
|     <limits.h> exists even on freestanding compilers.  */
| 
| #ifdef __STDC__
| # include <limits.h>
| #else
| # include <assert.h>
| #endif
| 
| #undef bindprocessor
| 
| /* Override any GCC internal prototype to avoid an error.
|    Use char because int might match the return type of a GCC
|    builtin and then its argument prototype would still apply.  */
| #ifdef __cplusplus
| extern "C"
| #endif
| char bindprocessor ();
| /* The GNU C library defines this for functions which it implements
|     to always fail with ENOSYS.  Some functions are actually named
|     something starting with __ and the normal name is an alias.  */
| #if defined __stub_bindprocessor || defined __stub___bindprocessor
| choke me
| #endif
| 
| int
| main ()
| {
| return bindprocessor ();
|   ;
|   return 0;
| }
configure:7746: result: no
configure:7650: checking for prctl
configure:7706: gcc -o conftest  -g -O2 -pthread  -DLINUX=2 -D_REENTRANT -D_GNU_SOURCE -D_LARGEFILE64_SOURCE   conftest.c -lm  >&5
configure:7712: $? = 0
configure:7719: test -z "$ac_c_werror_flag" || test ! -s conftest.err
configure:7722: $? = 0
configure:7729: test -s conftest
configure:7732: $? = 0
configure:7746: result: yes
configure:7650: checking for timegm
configure:7706: gcc -o conftest  -g -O2 -pthread  -DLINUX=2 -D_REENTRANT -D_GNU_SOURCE -D_LARGEFILE64_SOURCE   conftest.c -lm  >&5
configure:7712: $? = 0
configure:7719: test -z "$ac_c_werror_flag" || test ! -s conftest.err
configure:7722: $? = 0
configure:7729: test -s conftest
configure:7732: $? = 0
configure:7746: result: yes
configure:7650: checking for getpgid
configure:7706: gcc -o conftest  -g -O2 -pthread  -DLINUX=2 -D_REENTRANT -D_GNU_SOURCE -D_LARGEFILE64_SOURCE   conftest.c -lm  >&5
configure:7712: $? = 0
configure:7719: test -z "$ac_c_werror_flag" || test ! -s conftest.err
configure:7722: $? = 0
configure:7729: test -s conftest
configure:7732: $? = 0
configure:7746: result: yes
configure:7759: checking for void pointer length
configure:7785: gcc -o conftest  -g -O2 -pthread  -DLINUX=2 -D_REENTRANT -D_GNU_SOURCE -D_LARGEFILE64_SOURCE   conftest.c -lm  >&5
configure:7788: $? = 0
configure:7794: ./conftest
configure:7797: $? = 0
configure:7813: result: no
configure:7823: checking for tm_gmtoff in struct tm
configure:7850: gcc -c  -g -O2 -pthread  -DLINUX=2 -D_REENTRANT -D_GNU_SOURCE -D_LARGEFILE64_SOURCE conftest.c >&5
configure:7856: $? = 0
configure:7863: test -z "$ac_c_werror_flag" || test ! -s conftest.err
configure:7866: $? = 0
configure:7873: test -s conftest.o
configure:7876: $? = 0
configure:7888: result: yes
configure:8151: checking whether to enable mod_authn_file
configure:8189: result: shared (all)
configure:8244: checking whether to enable mod_authn_dbm
configure:8282: result: shared (all)
configure:8337: checking whether to enable mod_authn_anon
configure:8375: result: shared (all)
configure:8430: checking whether to enable mod_authn_dbd
configure:8468: result: shared (all)
configure:8524: checking whether to enable mod_authn_default
configure:8562: result: shared (all)
configure:8618: checking whether to enable mod_authn_alias
configure:8656: result: no
configure:8712: checking whether to enable mod_authz_host
configure:8750: result: shared (all)
configure:8805: checking whether to enable mod_authz_groupfile
configure:8843: result: shared (all)
configure:8898: checking whether to enable mod_authz_user
configure:8936: result: shared (all)
configure:8991: checking whether to enable mod_authz_dbm
configure:9029: result: shared (all)
configure:9084: checking whether to enable mod_authz_owner
configure:9122: result: shared (all)
configure:9178: checking whether to enable mod_authnz_ldap
configure:9216: result: no
configure:9272: checking whether to enable mod_authz_default
configure:9310: result: shared (all)
configure:9367: checking whether to enable mod_auth_basic
configure:9405: result: shared (all)
configure:9460: checking whether to enable mod_auth_digest
configure:9496: result: checking dependencies
configure:9531: checking whether to enable mod_auth_digest
configure:9543: result: shared (all)
configure:9624: checking whether to enable mod_isapi
configure:9662: result: no
configure:9743: checking whether to enable mod_file_cache
configure:9781: result: no
configure:9839: checking whether to enable mod_cache
configure:9877: result: no
configure:9932: checking whether to enable mod_disk_cache
configure:9970: result: shared
configure:10025: checking whether to enable mod_mem_cache
configure:10063: result: shared
configure:10143: checking whether to enable mod_dbd
configure:10181: result: shared (all)
configure:10261: checking whether to enable mod_bucketeer
configure:10299: result: no
configure:10354: checking whether to enable mod_dumpio
configure:10392: result: shared (all)
configure:10473: checking whether to enable mod_echo
configure:10511: result: no
configure:10591: checking whether to enable mod_example
configure:10629: result: no
configure:10684: checking whether to enable mod_case_filter
configure:10722: result: no
configure:10777: checking whether to enable mod_case_filter_in
configure:10815: result: no
configure:10896: checking whether to enable mod_ext_filter
configure:10934: result: shared (all)
configure:10989: checking whether to enable mod_include
configure:11027: result: shared (all)
configure:11082: checking whether to enable mod_filter
configure:11120: result: shared
configure:11175: checking whether to enable mod_substitute
configure:11213: result: shared (all)
configure:11366: checking whether to enable mod_charset_lite
configure:11404: result: no
configure:11462: checking whether to enable mod_deflate
configure:11498: result: checking dependencies
configure:11512: checking for zlib location
configure:11533: result: /usr
configure:11630: checking for zlib library
configure:11653: gcc -o conftest  -g -O2 -pthread  -DLINUX=2 -D_REENTRANT -D_GNU_SOURCE -D_LARGEFILE64_SOURCE   conftest.c -lm  -lz >&5
configure:11659: $? = 0
configure:11666: test -z "$ac_c_werror_flag" || test ! -s conftest.err
configure:11669: $? = 0
configure:11676: test -s conftest
configure:11679: $? = 0
configure:11681: result: found
configure:11723: checking whether to enable mod_deflate
configure:11735: result: shared
configure:11817: checking whether to enable mod_ldap
configure:11855: result: no
configure:11936: checking whether to enable mod_log_config
configure:11974: result: shared (all)
configure:12029: checking whether to enable mod_log_forensic
configure:12067: result: shared (all)
configure:12148: checking whether to enable mod_logio
configure:12186: result: shared (all)
configure:12267: checking whether to enable mod_env
configure:12305: result: shared (all)
configure:12360: checking whether to enable mod_mime_magic
configure:12398: result: shared
configure:12453: checking whether to enable mod_cern_meta
configure:12491: result: shared (all)
configure:12546: checking whether to enable mod_expires
configure:12584: result: shared
configure:12639: checking whether to enable mod_headers
configure:12677: result: shared (all)
configure:12732: checking whether to enable mod_ident
configure:12770: result: shared (all)
configure:12826: checking whether to enable mod_usertrack
configure:12862: result: checking dependencies
configure:12880: checking sys/times.h usability
configure:12897: gcc -c  -g -O2 -pthread  -DLINUX=2 -D_REENTRANT -D_GNU_SOURCE -D_LARGEFILE64_SOURCE conftest.c >&5
configure:12903: $? = 0
configure:12910: test -z "$ac_c_werror_flag" || test ! -s conftest.err
configure:12913: $? = 0
configure:12920: test -s conftest.o
configure:12923: $? = 0
configure:12934: result: yes
configure:12938: checking sys/times.h presence
configure:12953: gcc -E  -DLINUX=2 -D_REENTRANT -D_GNU_SOURCE -D_LARGEFILE64_SOURCE conftest.c
configure:12959: $? = 0
configure:12980: result: yes
configure:13008: checking for sys/times.h
configure:13016: result: yes
configure:13033: checking for times
configure:13089: gcc -o conftest  -g -O2 -pthread  -DLINUX=2 -D_REENTRANT -D_GNU_SOURCE -D_LARGEFILE64_SOURCE   conftest.c  -lm >&5
configure:13095: $? = 0
configure:13102: test -z "$ac_c_werror_flag" || test ! -s conftest.err
configure:13105: $? = 0
configure:13112: test -s conftest
configure:13115: $? = 0
configure:13129: result: yes
configure:13140: checking whether to enable mod_usertrack
configure:13152: result: shared (all)
configure:13208: checking whether to enable mod_unique_id
configure:13246: result: shared (all)
configure:13301: checking whether to enable mod_setenvif
configure:13339: result: shared (all)
configure:13394: checking whether to enable mod_version
configure:13432: result: shared (all)
configure:13521: checking whether to enable mod_proxy
configure:13559: result: shared
configure:13633: checking whether to enable mod_proxy_connect
configure:13671: result: shared
configure:13726: checking whether to enable mod_proxy_ftp
configure:13764: result: shared
configure:13819: checking whether to enable mod_proxy_http
configure:13857: result: shared
configure:13912: checking whether to enable mod_proxy_ajp
configure:13950: result: shared
configure:14005: checking whether to enable mod_proxy_balancer
configure:14043: result: shared
configure:14148: checking whether to enable mod_ssl
configure:14184: result: checking dependencies
configure:14194: checking for SSL/TLS toolkit base
configure:14218: result: none
configure:14231: checking for OpenSSL version
configure:14249: checking openssl/opensslv.h usability
configure:14266: gcc -c  -g -O2 -pthread  -DLINUX=2 -D_REENTRANT -D_GNU_SOURCE -D_LARGEFILE64_SOURCE conftest.c >&5
configure:14272: $? = 0
configure:14279: test -z "$ac_c_werror_flag" || test ! -s conftest.err
configure:14282: $? = 0
configure:14289: test -s conftest.o
configure:14292: $? = 0
configure:14303: result: yes
configure:14307: checking openssl/opensslv.h presence
configure:14322: gcc -E  -DLINUX=2 -D_REENTRANT -D_GNU_SOURCE -D_LARGEFILE64_SOURCE conftest.c
configure:14328: $? = 0
configure:14349: result: yes
configure:14377: checking for openssl/opensslv.h
configure:14385: result: yes
configure:14249: checking openssl/ssl.h usability
configure:14266: gcc -c  -g -O2 -pthread  -DLINUX=2 -D_REENTRANT -D_GNU_SOURCE -D_LARGEFILE64_SOURCE conftest.c >&5
configure:14272: $? = 0
configure:14279: test -z "$ac_c_werror_flag" || test ! -s conftest.err
configure:14282: $? = 0
configure:14289: test -s conftest.o
configure:14292: $? = 0
configure:14303: result: yes
configure:14307: checking openssl/ssl.h presence
configure:14322: gcc -E  -DLINUX=2 -D_REENTRANT -D_GNU_SOURCE -D_LARGEFILE64_SOURCE conftest.c
configure:14328: $? = 0
configure:14349: result: yes
configure:14377: checking for openssl/ssl.h
configure:14385: result: yes
configure:14427: gcc -c  -g -O2 -pthread  -DLINUX=2 -D_REENTRANT -D_GNU_SOURCE -D_LARGEFILE64_SOURCE conftest.c >&5
configure:14433: $? = 0
configure:14440: test -z "$ac_c_werror_flag" || test ! -s conftest.err
configure:14443: $? = 0
configure:14450: test -s conftest.o
configure:14453: $? = 0
configure:14455: result: OK
configure:14484: checking openssl/engine.h usability
configure:14501: gcc -c  -g -O2 -pthread  -DLINUX=2 -D_REENTRANT -D_GNU_SOURCE -D_LARGEFILE64_SOURCE conftest.c >&5
configure:14507: $? = 0
configure:14514: test -z "$ac_c_werror_flag" || test ! -s conftest.err
configure:14517: $? = 0
configure:14524: test -s conftest.o
configure:14527: $? = 0
configure:14538: result: yes
configure:14542: checking openssl/engine.h presence
configure:14557: gcc -E  -DLINUX=2 -D_REENTRANT -D_GNU_SOURCE -D_LARGEFILE64_SOURCE conftest.c
configure:14563: $? = 0
configure:14584: result: yes
configure:14612: checking for openssl/engine.h
configure:14620: result: yes
configure:14913: checking for SSLeay_version in -lcrypto
configure:14948: gcc -o conftest  -g -O2 -pthread  -DLINUX=2 -D_REENTRANT -D_GNU_SOURCE -D_LARGEFILE64_SOURCE   conftest.c -lcrypto   -lm  -luuid -lrt -lcrypt  -lpthread -ldl >&5
configure:14954: $? = 0
configure:14961: test -z "$ac_c_werror_flag" || test ! -s conftest.err
configure:14964: $? = 0
configure:14971: test -s conftest
configure:14974: $? = 0
configure:14988: result: yes
configure:15002: checking for SSL_CTX_new in -lssl
configure:15037: gcc -o conftest  -g -O2 -pthread  -DLINUX=2 -D_REENTRANT -D_GNU_SOURCE -D_LARGEFILE64_SOURCE   conftest.c -lssl  -lcrypto  -lm  -luuid -lrt -lcrypt  -lpthread -ldl >&5
configure:15043: $? = 0
configure:15050: test -z "$ac_c_werror_flag" || test ! -s conftest.err
configure:15053: $? = 0
configure:15060: test -s conftest
configure:15063: $? = 0
configure:15077: result: yes
configure:15094: checking for ENGINE_init
configure:15150: gcc -o conftest  -g -O2 -pthread  -DLINUX=2 -D_REENTRANT -D_GNU_SOURCE -D_LARGEFILE64_SOURCE   conftest.c -lssl -lcrypto  -lm  -luuid -lrt -lcrypt  -lpthread -ldl >&5
configure:15156: $? = 0
configure:15163: test -z "$ac_c_werror_flag" || test ! -s conftest.err
configure:15166: $? = 0
configure:15173: test -s conftest
configure:15176: $? = 0
configure:15190: result: yes
configure:15204: checking for ENGINE_load_builtin_engines
configure:15260: gcc -o conftest  -g -O2 -pthread  -DLINUX=2 -D_REENTRANT -D_GNU_SOURCE -D_LARGEFILE64_SOURCE   conftest.c -lssl -lcrypto  -lm  -luuid -lrt -lcrypt  -lpthread -ldl >&5
configure:15266: $? = 0
configure:15273: test -z "$ac_c_werror_flag" || test ! -s conftest.err
configure:15276: $? = 0
configure:15283: test -s conftest
configure:15286: $? = 0
configure:15300: result: yes
configure:15604: checking for SSL_set_cert_store
configure:15660: gcc -o conftest  -g -O2 -pthread  -DLINUX=2 -D_REENTRANT -D_GNU_SOURCE -D_LARGEFILE64_SOURCE   conftest.c -lssl -lcrypto  -lm  -luuid -lrt -lcrypt  -lpthread -ldl >&5
/tmp/cculkJ9H.o: In function `main':
/root/download/startuppack/httpd-2.2.8/conftest.c:80: undefined reference to `SSL_set_cert_store'
collect2: ld returned 1 exit status
configure:15666: $? = 1
configure: failed program was:
| /* confdefs.h.  */
| #define PACKAGE_NAME ""
| #define PACKAGE_TARNAME ""
| #define PACKAGE_VERSION ""
| #define PACKAGE_STRING ""
| #define PACKAGE_BUGREPORT ""
| #define STDC_HEADERS 1
| #define HAVE_SYS_TYPES_H 1
| #define HAVE_SYS_STAT_H 1
| #define HAVE_STDLIB_H 1
| #define HAVE_STRING_H 1
| #define HAVE_MEMORY_H 1
| #define HAVE_STRINGS_H 1
| #define HAVE_INTTYPES_H 1
| #define HAVE_STDINT_H 1
| #define HAVE_UNISTD_H 1
| #define STDC_HEADERS 1
| #define HAVE_STRING_H 1
| #define HAVE_LIMITS_H 1
| #define HAVE_UNISTD_H 1
| #define HAVE_SYS_SOCKET_H 1
| #define HAVE_PWD_H 1
| #define HAVE_GRP_H 1
| #define HAVE_STRINGS_H 1
| #define HAVE_SYS_PRCTL_H 1
| #define HAVE_SYS_SEM_H 1
| #define HAVE_SYS_WAIT_H 1
| #define HAVE_GETPWNAM 1
| #define HAVE_GETGRNAM 1
| #define HAVE_INITGROUPS 1
| #define HAVE_PRCTL 1
| #define HAVE_TIMEGM 1
| #define HAVE_GETPGID 1
| #define HAVE_GMTOFF 1
| #define AP_ENABLE_V4_MAPPED 1
| #define HAVE_SYS_TIMES_H 1
| #define HAVE_TIMES 1
| #define HAVE_OPENSSL_OPENSSLV_H 1
| #define HAVE_OPENSSL_SSL_H 1
| #define HAVE_OPENSSL_ENGINE_H 1
| #define HAVE_LIBCRYPTO 1
| #define HAVE_LIBSSL 1
| #define HAVE_ENGINE_INIT 1
| #define HAVE_ENGINE_LOAD_BUILTIN_ENGINES 1
| /* end confdefs.h.  */
| /* Define SSL_set_cert_store to an innocuous variant, in case <limits.h> declares SSL_set_cert_store.
|    For example, HP-UX 11i <limits.h> declares gettimeofday.  */
| #define SSL_set_cert_store innocuous_SSL_set_cert_store
| 
| /* System header to define __stub macros and hopefully few prototypes,
|     which can conflict with char SSL_set_cert_store (); below.
|     Prefer <limits.h> to <assert.h> if __STDC__ is defined, since
|     <limits.h> exists even on freestanding compilers.  */
| 
| #ifdef __STDC__
| # include <limits.h>
| #else
| # include <assert.h>
| #endif
| 
| #undef SSL_set_cert_store
| 
| /* Override any GCC internal prototype to avoid an error.
|    Use char because int might match the return type of a GCC
|    builtin and then its argument prototype would still apply.  */
| #ifdef __cplusplus
| extern "C"
| #endif
| char SSL_set_cert_store ();
| /* The GNU C library defines this for functions which it implements
|     to always fail with ENOSYS.  Some functions are actually named
|     something starting with __ and the normal name is an alias.  */
| #if defined __stub_SSL_set_cert_store || defined __stub___SSL_set_cert_store
| choke me
| #endif
| 
| int
| main ()
| {
| return SSL_set_cert_store ();
|   ;
|   return 0;
| }
configure:15700: result: no
configure:15850: checking whether Distcache is required
configure:15871: result: no (default)
configure:16246: checking whether to enable mod_ssl
configure:16258: result: shared
configure:16362: checking whether to enable mod_optional_hook_export
configure:16400: result: no
configure:16455: checking whether to enable mod_optional_hook_import
configure:16493: result: no
configure:16548: checking whether to enable mod_optional_fn_import
configure:16586: result: no
configure:16641: checking whether to enable mod_optional_fn_export
configure:16679: result: no
configure:16772: checking for target platform
configure:16797: result: unix
configure:16829: checking for rlim_t
configure:16860: gcc -c  -g -O2 -pthread  -DLINUX=2 -D_REENTRANT -D_GNU_SOURCE -D_LARGEFILE64_SOURCE conftest.c >&5
configure:16866: $? = 0
configure:16873: test -z "$ac_c_werror_flag" || test ! -s conftest.err
configure:16876: $? = 0
configure:16883: test -s conftest.o
configure:16886: $? = 0
configure:16902: result: yes
configure:16931: checking sys/time.h usability
configure:16948: gcc -c  -g -O2 -pthread  -DLINUX=2 -D_REENTRANT -D_GNU_SOURCE -D_LARGEFILE64_SOURCE conftest.c >&5
configure:16954: $? = 0
configure:16961: test -z "$ac_c_werror_flag" || test ! -s conftest.err
configure:16964: $? = 0
configure:16971: test -s conftest.o
configure:16974: $? = 0
configure:16985: result: yes
configure:16989: checking sys/time.h presence
configure:17004: gcc -E  -DLINUX=2 -D_REENTRANT -D_GNU_SOURCE -D_LARGEFILE64_SOURCE conftest.c
configure:17010: $? = 0
configure:17031: result: yes
configure:17059: checking for sys/time.h
configure:17067: result: yes
configure:16931: checking sys/resource.h usability
configure:16948: gcc -c  -g -O2 -pthread  -DLINUX=2 -D_REENTRANT -D_GNU_SOURCE -D_LARGEFILE64_SOURCE conftest.c >&5
configure:16954: $? = 0
configure:16961: test -z "$ac_c_werror_flag" || test ! -s conftest.err
configure:16964: $? = 0
configure:16971: test -s conftest.o
configure:16974: $? = 0
configure:16985: result: yes
configure:16989: checking sys/resource.h presence
configure:17004: gcc -E  -DLINUX=2 -D_REENTRANT -D_GNU_SOURCE -D_LARGEFILE64_SOURCE conftest.c
configure:17010: $? = 0
configure:17031: result: yes
configure:17059: checking for sys/resource.h
configure:17067: result: yes
configure:16921: checking for sys/sem.h
configure:16927: result: yes
configure:16931: checking sys/ipc.h usability
configure:16948: gcc -c  -g -O2 -pthread  -DLINUX=2 -D_REENTRANT -D_GNU_SOURCE -D_LARGEFILE64_SOURCE conftest.c >&5
configure:16954: $? = 0
configure:16961: test -z "$ac_c_werror_flag" || test ! -s conftest.err
configure:16964: $? = 0
configure:16971: test -s conftest.o
configure:16974: $? = 0
configure:16985: result: yes
configure:16989: checking sys/ipc.h presence
configure:17004: gcc -E  -DLINUX=2 -D_REENTRANT -D_GNU_SOURCE -D_LARGEFILE64_SOURCE conftest.c
configure:17010: $? = 0
configure:17031: result: yes
configure:17059: checking for sys/ipc.h
configure:17067: result: yes
configure:17086: checking for setsid
configure:17142: gcc -o conftest  -g -O2 -pthread  -DLINUX=2 -D_REENTRANT -D_GNU_SOURCE -D_LARGEFILE64_SOURCE   conftest.c  -lm >&5
configure:17148: $? = 0
configure:17155: test -z "$ac_c_werror_flag" || test ! -s conftest.err
configure:17158: $? = 0
configure:17165: test -s conftest
configure:17168: $? = 0
configure:17182: result: yes
configure:17086: checking for killpg
configure:17142: gcc -o conftest  -g -O2 -pthread  -DLINUX=2 -D_REENTRANT -D_GNU_SOURCE -D_LARGEFILE64_SOURCE   conftest.c  -lm >&5
configure:17148: $? = 0
configure:17155: test -z "$ac_c_werror_flag" || test ! -s conftest.err
configure:17158: $? = 0
configure:17165: test -s conftest
configure:17168: $? = 0
configure:17182: result: yes
configure:17212: checking bstring.h usability
configure:17229: gcc -c  -g -O2 -pthread  -DLINUX=2 -D_REENTRANT -D_GNU_SOURCE -D_LARGEFILE64_SOURCE conftest.c >&5
conftest.c:86:21: error: bstring.h: No such file or directory
configure:17235: $? = 1
configure: failed program was:
| /* confdefs.h.  */
| #define PACKAGE_NAME ""
| #define PACKAGE_TARNAME ""
| #define PACKAGE_VERSION ""
| #define PACKAGE_STRING ""
| #define PACKAGE_BUGREPORT ""
| #define STDC_HEADERS 1
| #define HAVE_SYS_TYPES_H 1
| #define HAVE_SYS_STAT_H 1
| #define HAVE_STDLIB_H 1
| #define HAVE_STRING_H 1
| #define HAVE_MEMORY_H 1
| #define HAVE_STRINGS_H 1
| #define HAVE_INTTYPES_H 1
| #define HAVE_STDINT_H 1
| #define HAVE_UNISTD_H 1
| #define STDC_HEADERS 1
| #define HAVE_STRING_H 1
| #define HAVE_LIMITS_H 1
| #define HAVE_UNISTD_H 1
| #define HAVE_SYS_SOCKET_H 1
| #define HAVE_PWD_H 1
| #define HAVE_GRP_H 1
| #define HAVE_STRINGS_H 1
| #define HAVE_SYS_PRCTL_H 1
| #define HAVE_SYS_SEM_H 1
| #define HAVE_SYS_WAIT_H 1
| #define HAVE_GETPWNAM 1
| #define HAVE_GETGRNAM 1
| #define HAVE_INITGROUPS 1
| #define HAVE_PRCTL 1
| #define HAVE_TIMEGM 1
| #define HAVE_GETPGID 1
| #define HAVE_GMTOFF 1
| #define AP_ENABLE_V4_MAPPED 1
| #define HAVE_SYS_TIMES_H 1
| #define HAVE_TIMES 1
| #define HAVE_OPENSSL_OPENSSLV_H 1
| #define HAVE_OPENSSL_SSL_H 1
| #define HAVE_OPENSSL_ENGINE_H 1
| #define HAVE_LIBCRYPTO 1
| #define HAVE_LIBSSL 1
| #define HAVE_ENGINE_INIT 1
| #define HAVE_ENGINE_LOAD_BUILTIN_ENGINES 1
| #define HAVE_OPENSSL 1
| #define HAVE_SYS_TIME_H 1
| #define HAVE_SYS_RESOURCE_H 1
| #define HAVE_SYS_SEM_H 1
| #define HAVE_SYS_IPC_H 1
| #define HAVE_SETSID 1
| #define HAVE_KILLPG 1
| /* end confdefs.h.  */
| #include <stdio.h>
| #if HAVE_SYS_TYPES_H
| # include <sys/types.h>
| #endif
| #if HAVE_SYS_STAT_H
| # include <sys/stat.h>
| #endif
| #if STDC_HEADERS
| # include <stdlib.h>
| # include <stddef.h>
| #else
| # if HAVE_STDLIB_H
| #  include <stdlib.h>
| # endif
| #endif
| #if HAVE_STRING_H
| # if !STDC_HEADERS && HAVE_MEMORY_H
| #  include <memory.h>
| # endif
| # include <string.h>
| #endif
| #if HAVE_STRINGS_H
| # include <strings.h>
| #endif
| #if HAVE_INTTYPES_H
| # include <inttypes.h>
| #endif
| #if HAVE_STDINT_H
| # include <stdint.h>
| #endif
| #if HAVE_UNISTD_H
| # include <unistd.h>
| #endif
| #include <bstring.h>
configure:17266: result: no
configure:17270: checking bstring.h presence
configure:17285: gcc -E  -DLINUX=2 -D_REENTRANT -D_GNU_SOURCE -D_LARGEFILE64_SOURCE conftest.c
conftest.c:53:21: error: bstring.h: No such file or directory
configure:17291: $? = 1
configure: failed program was:
| /* confdefs.h.  */
| #define PACKAGE_NAME ""
| #define PACKAGE_TARNAME ""
| #define PACKAGE_VERSION ""
| #define PACKAGE_STRING ""
| #define PACKAGE_BUGREPORT ""
| #define STDC_HEADERS 1
| #define HAVE_SYS_TYPES_H 1
| #define HAVE_SYS_STAT_H 1
| #define HAVE_STDLIB_H 1
| #define HAVE_STRING_H 1
| #define HAVE_MEMORY_H 1
| #define HAVE_STRINGS_H 1
| #define HAVE_INTTYPES_H 1
| #define HAVE_STDINT_H 1
| #define HAVE_UNISTD_H 1
| #define STDC_HEADERS 1
| #define HAVE_STRING_H 1
| #define HAVE_LIMITS_H 1
| #define HAVE_UNISTD_H 1
| #define HAVE_SYS_SOCKET_H 1
| #define HAVE_PWD_H 1
| #define HAVE_GRP_H 1
| #define HAVE_STRINGS_H 1
| #define HAVE_SYS_PRCTL_H 1
| #define HAVE_SYS_SEM_H 1
| #define HAVE_SYS_WAIT_H 1
| #define HAVE_GETPWNAM 1
| #define HAVE_GETGRNAM 1
| #define HAVE_INITGROUPS 1
| #define HAVE_PRCTL 1
| #define HAVE_TIMEGM 1
| #define HAVE_GETPGID 1
| #define HAVE_GMTOFF 1
| #define AP_ENABLE_V4_MAPPED 1
| #define HAVE_SYS_TIMES_H 1
| #define HAVE_TIMES 1
| #define HAVE_OPENSSL_OPENSSLV_H 1
| #define HAVE_OPENSSL_SSL_H 1
| #define HAVE_OPENSSL_ENGINE_H 1
| #define HAVE_LIBCRYPTO 1
| #define HAVE_LIBSSL 1
| #define HAVE_ENGINE_INIT 1
| #define HAVE_ENGINE_LOAD_BUILTIN_ENGINES 1
| #define HAVE_OPENSSL 1
| #define HAVE_SYS_TIME_H 1
| #define HAVE_SYS_RESOURCE_H 1
| #define HAVE_SYS_SEM_H 1
| #define HAVE_SYS_IPC_H 1
| #define HAVE_SETSID 1
| #define HAVE_KILLPG 1
| /* end confdefs.h.  */
| #include <bstring.h>
configure:17312: result: no
configure:17340: checking for bstring.h
configure:17348: result: no
configure:17202: checking for unistd.h
configure:17208: result: yes
configure:17368: checking for syslog
configure:17424: gcc -o conftest  -g -O2 -pthread  -DLINUX=2 -D_REENTRANT -D_GNU_SOURCE -D_LARGEFILE64_SOURCE   conftest.c  -lm >&5
configure:17430: $? = 0
configure:17437: test -z "$ac_c_werror_flag" || test ! -s conftest.err
configure:17440: $? = 0
configure:17447: test -s conftest
configure:17450: $? = 0
configure:17464: result: yes
configure:17480: checking for sys/times.h
configure:17486: result: yes
configure:17643: checking for times
configure:17739: result: yes
configure:17750: checking which MPM to use
configure:17766: result: worker
configure:18630: checking whether to enable mod_http
configure:18668: result: yes
configure:18723: checking whether to enable mod_mime
configure:18761: result: shared (all)
configure:18830: checking for extra modules
configure:18890: result: none
configure:18915: checking whether to enable mod_dav
configure:18953: result: shared
configure:19061: checking whether to enable mod_status
configure:19099: result: shared (all)
configure:19154: checking whether to enable mod_autoindex
configure:19192: result: shared (all)
configure:19247: checking whether to enable mod_asis
configure:19285: result: shared (all)
configure:19340: checking whether to enable mod_info
configure:19378: result: shared
configure:19433: checking whether to enable mod_suexec
configure:19485: result: no
configure:19544: checking whether to enable mod_cgid
configure:19582: result: shared (all)
configure:19637: checking whether to enable mod_cgi
configure:19675: result: no
configure:20167: checking for pthread_kill
configure:20223: gcc -o conftest  -g -O2 -pthread  -DLINUX=2 -D_REENTRANT -D_GNU_SOURCE -D_LARGEFILE64_SOURCE   conftest.c  -lm >&5
configure:20229: $? = 0
configure:20236: test -z "$ac_c_werror_flag" || test ! -s conftest.err
configure:20239: $? = 0
configure:20246: test -s conftest
configure:20249: $? = 0
configure:20263: result: yes
configure:20305: checking whether to enable mod_dav_fs
configure:20343: result: shared
configure:20433: checking whether to enable mod_dav_lock
configure:20471: result: shared
configure:20552: checking whether to enable mod_vhost_alias
configure:20590: result: shared (all)
configure:20645: checking whether to enable mod_negotiation
configure:20683: result: shared (all)
configure:20738: checking whether to enable mod_dir
configure:20776: result: shared (all)
configure:20831: checking whether to enable mod_imagemap
configure:20869: result: shared (all)
configure:20924: checking whether to enable mod_actions
configure:20962: result: shared (all)
configure:21017: checking whether to enable mod_speling
configure:21055: result: shared (all)
configure:21110: checking whether to enable mod_userdir
configure:21148: result: shared (all)
configure:21203: checking whether to enable mod_alias
configure:21241: result: shared (all)
configure:21297: checking whether to enable mod_rewrite
configure:21335: result: shared
configure:21486: checking whether to enable mod_so
configure:21524: result: yes
configure:22503: creating ./config.status

## ---------------------- ##
## Running config.status. ##
## ---------------------- ##

This file was extended by config.status, which was
generated by GNU Autoconf 2.60.  Invocation command line was

  CONFIG_FILES    = 
  CONFIG_HEADERS  = 
  CONFIG_LINKS    = 
  CONFIG_COMMANDS = 
  $ ./config.status 

on server01.idega.com

config.status:850: creating docs/conf/httpd.conf
config.status:850: creating docs/conf/extra/httpd-autoindex.conf
config.status:850: creating docs/conf/extra/httpd-dav.conf
config.status:850: creating docs/conf/extra/httpd-default.conf
config.status:850: creating docs/conf/extra/httpd-info.conf
config.status:850: creating docs/conf/extra/httpd-languages.conf
config.status:850: creating docs/conf/extra/httpd-manual.conf
config.status:850: creating docs/conf/extra/httpd-mpm.conf
config.status:850: creating docs/conf/extra/httpd-multilang-errordoc.conf
config.status:850: creating docs/conf/extra/httpd-ssl.conf
config.status:850: creating docs/conf/extra/httpd-userdir.conf
config.status:850: creating docs/conf/extra/httpd-vhosts.conf
config.status:850: creating include/ap_config_layout.h
config.status:850: creating support/apxs
config.status:850: creating support/apachectl
config.status:850: creating support/dbmmanage
config.status:850: creating support/envvars-std
config.status:850: creating support/log_server_status
config.status:850: creating support/logresolve.pl
config.status:850: creating support/phf_abuse_log.cgi
config.status:850: creating support/split-logfile
config.status:850: creating build/rules.mk
config.status:850: creating build/pkg/pkginfo
config.status:850: creating build/config_vars.sh
config.status:850: creating include/ap_config_auto.h
config.status:1118: include/ap_config_auto.h is unchanged
config.status:1131: executing default commands

## ---------------- ##
## Cache variables. ##
## ---------------- ##

ac_cv_build=i686-pc-linux-gnu
ac_cv_c_compiler_gnu=yes
ac_cv_c_const=yes
ac_cv_define_APR_HAS_DSO=yes
ac_cv_define_APR_HAS_RANDOM=yes
ac_cv_define_APR_HAS_THREADS=yes
ac_cv_define_APR_HAVE_IPV6=yes
ac_cv_env_CC_set=
ac_cv_env_CC_value=
ac_cv_env_CFLAGS_set=
ac_cv_env_CFLAGS_value=
ac_cv_env_CPPFLAGS_set=
ac_cv_env_CPPFLAGS_value=
ac_cv_env_CPP_set=
ac_cv_env_CPP_value=
ac_cv_env_LDFLAGS_set=
ac_cv_env_LDFLAGS_value=
ac_cv_env_build_alias_set=
ac_cv_env_build_alias_value=
ac_cv_env_host_alias_set=
ac_cv_env_host_alias_value=
ac_cv_env_target_alias_set=
ac_cv_env_target_alias_value=
ac_cv_func_ENGINE_init=yes
ac_cv_func_ENGINE_load_builtin_engines=yes
ac_cv_func_SSL_set_cert_store=no
ac_cv_func_bindprocessor=no
ac_cv_func_getgrnam=yes
ac_cv_func_getpgid=yes
ac_cv_func_getpwnam=yes
ac_cv_func_initgroups=yes
ac_cv_func_killpg=yes
ac_cv_func_prctl=yes
ac_cv_func_pthread_kill=yes
ac_cv_func_setsid=yes
ac_cv_func_syslog=yes
ac_cv_func_timegm=yes
ac_cv_func_times=yes
ac_cv_header_bstring_h=no
ac_cv_header_grp_h=yes
ac_cv_header_inttypes_h=yes
ac_cv_header_limits_h=yes
ac_cv_header_memory_h=yes
ac_cv_header_minix_config_h=no
ac_cv_header_openssl_engine_h=yes
ac_cv_header_openssl_opensslv_h=yes
ac_cv_header_openssl_ssl_h=yes
ac_cv_header_pwd_h=yes
ac_cv_header_stdc=yes
ac_cv_header_stdint_h=yes
ac_cv_header_stdlib_h=yes
ac_cv_header_string_h=yes
ac_cv_header_strings_h=yes
ac_cv_header_sys_ipc_h=yes
ac_cv_header_sys_prctl_h=yes
ac_cv_header_sys_processor_h=no
ac_cv_header_sys_resource_h=yes
ac_cv_header_sys_sem_h=yes
ac_cv_header_sys_socket_h=yes
ac_cv_header_sys_stat_h=yes
ac_cv_header_sys_time_h=yes
ac_cv_header_sys_times_h=yes
ac_cv_header_sys_types_h=yes
ac_cv_header_sys_wait_h=yes
ac_cv_header_unistd_h=yes
ac_cv_host=i686-pc-linux-gnu
ac_cv_lib_crypto_SSLeay_version=yes
ac_cv_lib_ssl_SSL_CTX_new=yes
ac_cv_mkdir_p=yes
ac_cv_objext=o
ac_cv_path_EGREP='/bin/grep -E'
ac_cv_path_GREP=/bin/grep
ac_cv_path_PKGCONFIG=/usr/bin/pkg-config
ac_cv_path_RM=/bin/rm
ac_cv_path_RSYNC=/usr/bin/rsync
ac_cv_prog_AWK=gawk
ac_cv_prog_CPP='gcc -E'
ac_cv_prog_LYNX_PATH=links
ac_cv_prog_ac_ct_CC=gcc
ac_cv_prog_ac_ct_RANLIB=ranlib
ac_cv_prog_cc_c89=
ac_cv_prog_cc_g=yes
ac_cv_search_sqrt=-lm
ac_cv_search_strerror='none required'
ac_cv_struct_tm_gmtoff=yes
ac_cv_target=i686-pc-linux-gnu
ac_cv_type_rlim_t=yes
ap_cv_zlib=/usr
apache_cv_mpm=worker

## ----------------- ##
## Output variables. ##
## ----------------- ##

APACHECTL_ULIMIT='ulimit -S -n `ulimit -H -n`'
APR_BINDIR='/usr/local/apache2/bin'
APR_CONFIG='/usr/local/apache2/bin/apr-1-config'
APR_INCLUDEDIR='/root/download/startuppack/httpd-2.2.8/srclib/apr/include'
APR_VERSION='1.2.12'
APU_BINDIR='/usr/local/apache2/bin'
APU_CONFIG='/usr/local/apache2/bin/apu-1-config'
APU_INCLUDEDIR='/root/download/startuppack/httpd-2.2.8/srclib/apr-util/include'
APU_VERSION='1.2.12'
AP_BUILD_SRCLIB_DIRS='apr  apr-util pcre'
AP_CLEAN_SRCLIB_DIRS='apr-util  apr pcre'
AP_LIBS='/root/download/startuppack/httpd-2.2.8/srclib/pcre/libpcre.la  /root/download/startuppack/httpd-2.2.8/srclib/apr-util/libaprutil-1.la -lsqlite3 -lexpat  /root/download/startuppack/httpd-2.2.8/srclib/apr/libapr-1.la -luuid -lrt -lcrypt  -lpthread -ldl'
AWK='gawk'
BUILTIN_LIBS=' modules/http/libmod_http.la modules/mappers/libmod_so.la'
CC='gcc'
CFLAGS=''
CORE_IMPLIB=''
CORE_IMPLIB_FILE=''
CPP='gcc -E'
CPPFLAGS=''
CXX=''
CXXFLAGS=''
DEFS='-DHAVE_CONFIG_H'
DSO_MODULES=' authn_file authn_dbm authn_anon authn_dbd authn_default authz_host authz_groupfile authz_user authz_dbm authz_owner authz_default auth_basic auth_digest disk_cache mem_cache dbd dumpio ext_filter include filter substitute deflate log_config log_forensic logio env mime_magic cern_meta expires headers ident usertrack unique_id setenvif version proxy proxy_connect proxy_ftp proxy_http proxy_ajp proxy_balancer ssl mime dav status autoindex asis info cgid dav_fs dav_lock vhost_alias negotiation dir imagemap actions speling userdir alias rewrite'
ECHO_C=''
ECHO_N='-n'
ECHO_T=''
EGREP='/bin/grep -E'
EXEEXT=''
EXTRA_CFLAGS=' -g -O2 -pthread'
EXTRA_CPPFLAGS=' -DLINUX=2 -D_REENTRANT -D_GNU_SOURCE -D_LARGEFILE64_SOURCE'
EXTRA_CXXFLAGS=''
EXTRA_INCLUDES='-I$(top_builddir)/srclib/pcre -I. -I$(top_srcdir)/os/$(OS_DIR) -I$(top_srcdir)/server/mpm/$(MPM_SUBDIR_NAME) -I$(top_srcdir)/modules/http -I$(top_srcdir)/modules/filters -I$(top_srcdir)/modules/proxy -I$(top_srcdir)/include -I$(top_srcdir)/modules/generators -I$(top_srcdir)/modules/mappers -I$(top_srcdir)/modules/database -I/root/download/startuppack/httpd-2.2.8/srclib/apr/include -I/root/download/startuppack/httpd-2.2.8/srclib/apr-util/include -I$(top_builddir)/server -I$(top_srcdir)/modules/proxy/../generators -I/usr/kerberos/include -I$(top_srcdir)/modules/ssl -I$(top_srcdir)/modules/dav/main'
EXTRA_LDFLAGS=' '
EXTRA_LIBS=' -lm'
GREP='/bin/grep'
HTTPD_LDFLAGS='-export-dynamic'
HTTPD_VERSION='2.2.8'
INCLUDES=''
INSTALL='$(LIBTOOL) --mode=install $(abs_srcdir)/build/install.sh -c'
INSTALL_DSO='yes'
INSTALL_PROG_FLAGS=''
LDFLAGS=''
LIBOBJS=''
LIBS=''
LIBTOOL='/root/download/startuppack/httpd-2.2.8/srclib/apr/libtool $(LTFLAGS)'
LN_S='ln -s'
LTCFLAGS='-prefer-non-pic -static'
LTFLAGS='--silent'
LTLIBOBJS=''
LT_LDFLAGS=''
LYNX_PATH='links'
MKDEP='$(CC) -MM'
MKINSTALLDIRS='$(abs_srcdir)/build/mkdir.sh'
MK_IMPLIB=''
MODULE_CLEANDIRS=' arch/win32 echo experimental ldap test'
MODULE_DIRS=' aaa cache database debug filters loggers metadata proxy ssl http dav/main generators dav/fs dav/lock mappers'
MOD_ACTIONS_LDADD=''
MOD_ALIAS_LDADD=''
MOD_ASIS_LDADD=''
MOD_AUTHNZ_LDAP_LDADD=''
MOD_AUTHN_ALIAS_LDADD=''
MOD_AUTHN_ANON_LDADD=''
MOD_AUTHN_DBD_LDADD=''
MOD_AUTHN_DBM_LDADD=''
MOD_AUTHN_DEFAULT_LDADD=''
MOD_AUTHN_FILE_LDADD=''
MOD_AUTHZ_DBM_LDADD=''
MOD_AUTHZ_DEFAULT_LDADD=''
MOD_AUTHZ_GROUPFILE_LDADD=''
MOD_AUTHZ_HOST_LDADD=''
MOD_AUTHZ_OWNER_LDADD=''
MOD_AUTHZ_USER_LDADD=''
MOD_AUTH_BASIC_LDADD=''
MOD_AUTH_DIGEST_LDADD=''
MOD_AUTOINDEX_LDADD=''
MOD_BUCKETEER_LDADD=''
MOD_CACHE_LDADD=''
MOD_CASE_FILTER_IN_LDADD=''
MOD_CASE_FILTER_LDADD=''
MOD_CERN_META_LDADD=''
MOD_CGID_LDADD=''
MOD_CGI_LDADD=''
MOD_CHARSET_LITE_LDADD=''
MOD_DAV_FS_LDADD=''
MOD_DAV_LDADD=''
MOD_DAV_LOCK_LDADD=''
MOD_DBD_LDADD=''
MOD_DEFLATE_LDADD='-lz'
MOD_DIR_LDADD=''
MOD_DISK_CACHE_LDADD=''
MOD_DUMPIO_LDADD=''
MOD_ECHO_LDADD=''
MOD_ENV_LDADD=''
MOD_EXAMPLE_LDADD=''
MOD_EXPIRES_LDADD=''
MOD_EXT_FILTER_LDADD=''
MOD_FILE_CACHE_LDADD=''
MOD_FILTER_LDADD=''
MOD_HEADERS_LDADD=''
MOD_HTTP_LDADD=''
MOD_IDENT_LDADD=''
MOD_IMAGEMAP_LDADD=''
MOD_INCLUDE_LDADD=''
MOD_INFO_LDADD=''
MOD_ISAPI_LDADD=''
MOD_LDAP_LDADD=''
MOD_LOGIO_LDADD=''
MOD_LOG_CONFIG_LDADD=''
MOD_LOG_FORENSIC_LDADD=''
MOD_MEM_CACHE_LDADD=''
MOD_MIME_LDADD=''
MOD_MIME_MAGIC_LDADD=''
MOD_NEGOTIATION_LDADD=''
MOD_OPTIONAL_FN_EXPORT_LDADD=''
MOD_OPTIONAL_FN_IMPORT_LDADD=''
MOD_OPTIONAL_HOOK_EXPORT_LDADD=''
MOD_OPTIONAL_HOOK_IMPORT_LDADD=''
MOD_PROXY_AJP_LDADD=''
MOD_PROXY_BALANCER_LDADD=''
MOD_PROXY_CONNECT_LDADD=''
MOD_PROXY_FTP_LDADD=''
MOD_PROXY_HTTP_LDADD=''
MOD_PROXY_LDADD=''
MOD_REWRITE_LDADD=''
MOD_SETENVIF_LDADD=''
MOD_SO_LDADD=''
MOD_SPELING_LDADD=''
MOD_SSL_LDADD='$(SSL_LIBS) -export-symbols-regex ssl_module'
MOD_STATUS_LDADD=''
MOD_SUBSTITUTE_LDADD=''
MOD_SUEXEC_LDADD=''
MOD_UNIQUE_ID_LDADD=''
MOD_USERDIR_LDADD=''
MOD_USERTRACK_LDADD=''
MOD_VERSION_LDADD=''
MOD_VHOST_ALIAS_LDADD=''
MPM_LIB='server/mpm/worker/libworker.la'
MPM_NAME='worker'
MPM_SUBDIR_NAME='worker'
NOTEST_CFLAGS=''
NOTEST_CPPFLAGS=''
NOTEST_CXXFLAGS=''
NOTEST_LDFLAGS=''
NOTEST_LIBS=''
OBJEXT='o'
OS='unix'
OS_DIR='unix'
OS_SPECIFIC_VARS=''
PACKAGE_BUGREPORT=''
PACKAGE_NAME=''
PACKAGE_STRING=''
PACKAGE_TARNAME=''
PACKAGE_VERSION=''
PATH_SEPARATOR=':'
PCRE_CONFIG='false'
PICFLAGS=''
PILDFLAGS=''
PKGCONFIG='/usr/bin/pkg-config'
PORT='80'
POST_SHARED_CMDS='echo ""'
PRE_SHARED_CMDS='echo ""'
RANLIB='ranlib'
RM='/bin/rm'
RSYNC='/usr/bin/rsync'
SHELL='/bin/sh'
SHLIBPATH_VAR='LD_LIBRARY_PATH'
SHLTCFLAGS='-prefer-pic'
SH_LDFLAGS=''
SH_LIBS=''
SH_LIBTOOL='$(LIBTOOL)'
SSL_LIBS='-lssl -lcrypto -L/usr/kerberos/lib -ldl -lz'
UTIL_LDFLAGS=''
ab_LTFLAGS=''
abs_srcdir='/root/download/startuppack/httpd-2.2.8'
ac_ct_CC='gcc'
ap_make_delimiter=' '
ap_make_include='include'
bindir='${exec_prefix}/bin'
build='i686-pc-linux-gnu'
build_alias=''
build_cpu='i686'
build_os='linux-gnu'
build_vendor='pc'
cgidir='${datadir}/cgi-bin'
checkgid_LTFLAGS=''
datadir='${prefix}'
datarootdir='${prefix}/share'
docdir='${datarootdir}/doc/${PACKAGE}'
dvidir='${docdir}'
errordir='${datadir}/error'
exec_prefix='${prefix}'
exp_bindir='/usr/local/apache2/bin'
exp_cgidir='/usr/local/apache2/cgi-bin'
exp_datadir='/usr/local/apache2'
exp_errordir='/usr/local/apache2/error'
exp_exec_prefix='/usr/local/apache2'
exp_htdocsdir='/usr/local/apache2/htdocs'
exp_iconsdir='/usr/local/apache2/icons'
exp_includedir='/usr/local/apache2/include'
exp_installbuilddir='/usr/local/apache2/build'
exp_libdir='/usr/local/apache2/lib'
exp_libexecdir='/usr/local/apache2/modules'
exp_localstatedir='/usr/local/apache2'
exp_logfiledir='/usr/local/apache2/logs'
exp_mandir='/usr/local/apache2/man'
exp_manualdir='/usr/local/apache2/manual'
exp_proxycachedir='/usr/local/apache2/proxy'
exp_runtimedir='/usr/local/apache2/logs'
exp_sbindir='/usr/local/apache2/bin'
exp_sysconfdir='/usr/local/apache2/conf'
host='i686-pc-linux-gnu'
host_alias=''
host_cpu='i686'
host_os='linux-gnu'
host_vendor='pc'
htcacheclean_LTFLAGS=''
htdbm_LTFLAGS=''
htdigest_LTFLAGS=''
htdocsdir='${datadir}/htdocs'
htmldir='${docdir}'
htpasswd_LTFLAGS=''
httxt2dbm_LTFLAGS=''
iconsdir='${datadir}/icons'
includedir='${prefix}/include'
infodir='${datarootdir}/info'
installbuilddir='${datadir}/build'
libdir='${exec_prefix}/lib'
libexecdir='${exec_prefix}/modules'
localedir='${datarootdir}/locale'
localstatedir='${prefix}'
logfiledir='${localstatedir}/logs'
logresolve_LTFLAGS=''
mandir='${prefix}/man'
manualdir='${datadir}/manual'
nonssl_listen_stmt_1=''
nonssl_listen_stmt_2=''
oldincludedir='/usr/include'
other_targets=''
pdfdir='${docdir}'
perlbin='/usr/bin/perl'
prefix='/usr/local/apache2'
progname='httpd'
program_transform_name='s,x,x,'
proxycachedir='${localstatedir}/proxy'
psdir='${docdir}'
rel_bindir='bin'
rel_cgidir='cgi-bin'
rel_datadir=''
rel_errordir='error'
rel_exec_prefix=''
rel_htdocsdir='htdocs'
rel_iconsdir='icons'
rel_includedir='include'
rel_installbuilddir='build'
rel_libdir='lib'
rel_libexecdir='modules'
rel_localstatedir=''
rel_logfiledir='logs'
rel_mandir='man'
rel_manualdir='manual'
rel_proxycachedir='proxy'
rel_runtimedir='logs'
rel_sbindir='bin'
rel_sysconfdir='conf'
rotatelogs_LTFLAGS=''
runtimedir='${localstatedir}/logs'
sbindir='${exec_prefix}/bin'
shared_build='shared-build'
sharedstatedir='${prefix}/com'
sysconfdir='${prefix}/conf'
target='i686-pc-linux-gnu'
target_alias=''
target_cpu='i686'
target_os='linux-gnu'
target_vendor='pc'

## ----------- ##
## confdefs.h. ##
## ----------- ##

#define PACKAGE_NAME ""
#define PACKAGE_TARNAME ""
#define PACKAGE_VERSION ""
#define PACKAGE_STRING ""
#define PACKAGE_BUGREPORT ""
#define STDC_HEADERS 1
#define HAVE_SYS_TYPES_H 1
#define HAVE_SYS_STAT_H 1
#define HAVE_STDLIB_H 1
#define HAVE_STRING_H 1
#define HAVE_MEMORY_H 1
#define HAVE_STRINGS_H 1
#define HAVE_INTTYPES_H 1
#define HAVE_STDINT_H 1
#define HAVE_UNISTD_H 1
#define STDC_HEADERS 1
#define HAVE_STRING_H 1
#define HAVE_LIMITS_H 1
#define HAVE_UNISTD_H 1
#define HAVE_SYS_SOCKET_H 1
#define HAVE_PWD_H 1
#define HAVE_GRP_H 1
#define HAVE_STRINGS_H 1
#define HAVE_SYS_PRCTL_H 1
#define HAVE_SYS_SEM_H 1
#define HAVE_SYS_WAIT_H 1
#define HAVE_GETPWNAM 1
#define HAVE_GETGRNAM 1
#define HAVE_INITGROUPS 1
#define HAVE_PRCTL 1
#define HAVE_TIMEGM 1
#define HAVE_GETPGID 1
#define HAVE_GMTOFF 1
#define AP_ENABLE_V4_MAPPED 1
#define HAVE_SYS_TIMES_H 1
#define HAVE_TIMES 1
#define HAVE_OPENSSL_OPENSSLV_H 1
#define HAVE_OPENSSL_SSL_H 1
#define HAVE_OPENSSL_ENGINE_H 1
#define HAVE_LIBCRYPTO 1
#define HAVE_LIBSSL 1
#define HAVE_ENGINE_INIT 1
#define HAVE_ENGINE_LOAD_BUILTIN_ENGINES 1
#define HAVE_OPENSSL 1
#define HAVE_SYS_TIME_H 1
#define HAVE_SYS_RESOURCE_H 1
#define HAVE_SYS_SEM_H 1
#define HAVE_SYS_IPC_H 1
#define HAVE_SETSID 1
#define HAVE_KILLPG 1
#define HAVE_UNISTD_H 1
#define HAVE_SYSLOG 1
#define HAVE_SYS_TIMES_H 1
#define HAVE_TIMES 1
#define HAVE_PTHREAD_KILL 1
#define AP_USING_AUTOCONF 1
#define SINGLE_LISTEN_UNSERIALIZED_ACCEPT 1
#define AP_NONBLOCK_WHEN_MULTI_LISTEN 1
#define HTTPD_ROOT "/usr/local/apache2"
#define SERVER_CONFIG_FILE "conf/httpd.conf"
#define AP_TYPES_CONFIG_FILE "conf/mime.types"
#define APACHE_MPM_DIR "server/mpm/worker"

configure: exit 0
