This file contains any messages produced by compilers while
running configure, to aid debugging if configure makes a mistake.

It was created by configure, which was
generated by GNU Autoconf 2.60.  Invocation command line was

  $ /root/download/startuppack/httpd/srclib/apr/configure --cache-file=/dev/null --srcdir=/root/download/startuppack/httpd/srclib/apr --prefix=/usr/local/apache2 --exec-prefix=/usr/local/apache2 --libdir=${prefix}/lib --includedir=/usr/local/apache2/include --bindir=${prefix}/bin --datadir=/usr/local/apache2 --with-installbuilddir=${prefix}/build

## --------- ##
## Platform. ##
## --------- ##

hostname = server02skyrr.idega.com
uname -m = i686
uname -r = 2.6.18-92.1.17.el5
uname -s = Linux
uname -v = #1 SMP Tue Nov 4 13:45:01 EST 2008

/usr/bin/uname -p = unknown
/bin/uname -X     = unknown

/bin/arch              = i686
/usr/bin/arch -k       = unknown
/usr/convex/getsysinfo = unknown
/usr/bin/hostinfo      = unknown
/bin/machine           = unknown
/usr/bin/oslevel       = unknown
/bin/universe          = unknown

PATH: /usr/kerberos/sbin
PATH: /usr/kerberos/bin
PATH: /usr/local/sbin
PATH: /usr/local/bin
PATH: /sbin
PATH: /bin
PATH: /usr/sbin
PATH: /usr/bin
PATH: /root/bin


## ----------- ##
## Core tests. ##
## ----------- ##

configure:2794: checking build system type
configure:2812: result: i686-pc-linux-gnu
configure:2834: checking host system type
configure:2849: result: i686-pc-linux-gnu
configure:2871: checking target system type
configure:2886: result: i686-pc-linux-gnu
configure:2950: checking for working mkdir -p
configure:2966: result: yes
configure:3058: checking for chosen layout
configure:3060: result: apr
configure:3327: checking for gcc
configure:3343: found /usr/bin/gcc
configure:3354: result: gcc
configure:3592: checking for C compiler version
configure:3599: gcc --version >&5
gcc (GCC) 4.1.2 20071124 (Red Hat 4.1.2-42)
Copyright (C) 2006 Free Software Foundation, Inc.
This is free software; see the source for copying conditions.  There is NO
warranty; not even for MERCHANTABILITY or FITNESS FOR A PARTICULAR PURPOSE.

configure:3602: $? = 0
configure:3609: gcc -v >&5
Using built-in specs.
Target: i386-redhat-linux
Configured with: ../configure --prefix=/usr --mandir=/usr/share/man --infodir=/usr/share/info --enable-shared --enable-threads=posix --enable-checking=release --with-system-zlib --enable-__cxa_atexit --disable-libunwind-exceptions --enable-libgcj-multifile --enable-languages=c,c++,objc,obj-c++,java,fortran,ada --enable-java-awt=gtk --disable-dssi --enable-plugin --with-java-home=/usr/lib/jvm/java-1.4.2-gcj-1.4.2.0/jre --with-cpu=generic --host=i386-redhat-linux
Thread model: posix
gcc version 4.1.2 20071124 (Red Hat 4.1.2-42)
configure:3612: $? = 0
configure:3619: gcc -V >&5
gcc: '-V' option must have argument
configure:3622: $? = 1
configure:3645: checking for C compiler default output file name
configure:3672: gcc    conftest.c  >&5
configure:3675: $? = 0
configure:3721: result: a.out
configure:3726: checking whether the C compiler works
configure:3736: ./a.out
configure:3739: $? = 0
configure:3756: result: yes
configure:3763: checking whether we are cross compiling
configure:3765: result: no
configure:3768: checking for suffix of executables
configure:3775: gcc -o conftest    conftest.c  >&5
configure:3778: $? = 0
configure:3802: result: 
configure:3808: checking for suffix of object files
configure:3834: gcc -c   conftest.c >&5
configure:3837: $? = 0
configure:3860: result: o
configure:3864: checking whether we are using the GNU C compiler
configure:3893: gcc -c   conftest.c >&5
configure:3899: $? = 0
configure:3906: test -z "$ac_c_werror_flag" || test ! -s conftest.err
configure:3909: $? = 0
configure:3916: test -s conftest.o
configure:3919: $? = 0
configure:3933: result: yes
configure:3938: checking whether gcc accepts -g
configure:3968: gcc -c -g  conftest.c >&5
configure:3974: $? = 0
configure:3981: test -z "$ac_c_werror_flag" || test ! -s conftest.err
configure:3984: $? = 0
configure:3991: test -s conftest.o
configure:3994: $? = 0
configure:4124: result: yes
configure:4141: checking for gcc option to accept ISO C89
configure:4215: gcc  -c -g -O2  conftest.c >&5
configure:4221: $? = 0
configure:4228: test -z "$ac_c_werror_flag" || test ! -s conftest.err
configure:4231: $? = 0
configure:4238: test -s conftest.o
configure:4241: $? = 0
configure:4261: result: none needed
configure:7431: checking whether make sets $(MAKE)
configure:7452: result: yes
configure:7466: checking how to run the C preprocessor
configure:7506: gcc -E -DLINUX=2 -D_REENTRANT -D_GNU_SOURCE conftest.c
configure:7512: $? = 0
configure:7550: gcc -E -DLINUX=2 -D_REENTRANT -D_GNU_SOURCE conftest.c
conftest.c:8:28: error: ac_nonexistent.h: No such file or directory
configure:7556: $? = 1
configure: failed program was:
| /* confdefs.h.  */
| #define PACKAGE_NAME ""
| #define PACKAGE_TARNAME ""
| #define PACKAGE_VERSION ""
| #define PACKAGE_STRING ""
| #define PACKAGE_BUGREPORT ""
| /* end confdefs.h.  */
| #include <ac_nonexistent.h>
configure:7596: result: gcc -E
configure:7625: gcc -E -DLINUX=2 -D_REENTRANT -D_GNU_SOURCE conftest.c
configure:7631: $? = 0
configure:7669: gcc -E -DLINUX=2 -D_REENTRANT -D_GNU_SOURCE conftest.c
conftest.c:8:28: error: ac_nonexistent.h: No such file or directory
configure:7675: $? = 1
configure: failed program was:
| /* confdefs.h.  */
| #define PACKAGE_NAME ""
| #define PACKAGE_TARNAME ""
| #define PACKAGE_VERSION ""
| #define PACKAGE_STRING ""
| #define PACKAGE_BUGREPORT ""
| /* end confdefs.h.  */
| #include <ac_nonexistent.h>
configure:7723: checking for gawk
configure:7739: found /bin/gawk
configure:7750: result: gawk
configure:7761: checking whether ln -s works
configure:7765: result: yes
configure:7815: checking for ranlib
configure:7831: found /usr/bin/ranlib
configure:7842: result: ranlib
configure:7881: checking for a BSD-compatible install
configure:7937: result: /usr/bin/install -c
configure:7950: checking for rm
configure:7966: found /bin/rm
configure:7977: result: rm
configure:7987: checking for as
configure:8003: found /usr/bin/as
configure:8014: result: as
configure:8024: checking for cpp
configure:8040: found /usr/bin/cpp
configure:8051: result: cpp
configure:8102: checking for ar
configure:8118: found /usr/bin/ar
configure:8129: result: ar
configure:8158: checking for grep that handles long lines and -e
configure:8232: result: /bin/grep
configure:8237: checking for egrep
configure:8315: result: /bin/grep -E
configure:8321: checking for AIX
configure:8343: result: no
configure:8349: checking for library containing strerror
configure:8390: gcc -o conftest -g -O2 -DLINUX=2 -D_REENTRANT -D_GNU_SOURCE  conftest.c  >&5
configure:8396: $? = 0
configure:8403: test -z "$ac_c_werror_flag" || test ! -s conftest.err
configure:8406: $? = 0
configure:8413: test -s conftest
configure:8416: $? = 0
configure:8440: result: none required
configure:8448: checking for ANSI C header files
configure:8478: gcc -c -g -O2 -DLINUX=2 -D_REENTRANT -D_GNU_SOURCE conftest.c >&5
configure:8484: $? = 0
configure:8491: test -z "$ac_c_werror_flag" || test ! -s conftest.err
configure:8494: $? = 0
configure:8501: test -s conftest.o
configure:8504: $? = 0
configure:8600: gcc -o conftest -g -O2 -DLINUX=2 -D_REENTRANT -D_GNU_SOURCE  conftest.c  >&5
configure:8603: $? = 0
configure:8609: ./conftest
configure:8612: $? = 0
configure:8629: result: yes
configure:8653: checking for sys/types.h
configure:8674: gcc -c -g -O2 -DLINUX=2 -D_REENTRANT -D_GNU_SOURCE conftest.c >&5
configure:8680: $? = 0
configure:8687: test -z "$ac_c_werror_flag" || test ! -s conftest.err
configure:8690: $? = 0
configure:8697: test -s conftest.o
configure:8700: $? = 0
configure:8713: result: yes
configure:8653: checking for sys/stat.h
configure:8674: gcc -c -g -O2 -DLINUX=2 -D_REENTRANT -D_GNU_SOURCE conftest.c >&5
configure:8680: $? = 0
configure:8687: test -z "$ac_c_werror_flag" || test ! -s conftest.err
configure:8690: $? = 0
configure:8697: test -s conftest.o
configure:8700: $? = 0
configure:8713: result: yes
configure:8653: checking for stdlib.h
configure:8674: gcc -c -g -O2 -DLINUX=2 -D_REENTRANT -D_GNU_SOURCE conftest.c >&5
configure:8680: $? = 0
configure:8687: test -z "$ac_c_werror_flag" || test ! -s conftest.err
configure:8690: $? = 0
configure:8697: test -s conftest.o
configure:8700: $? = 0
configure:8713: result: yes
configure:8653: checking for string.h
configure:8674: gcc -c -g -O2 -DLINUX=2 -D_REENTRANT -D_GNU_SOURCE conftest.c >&5
configure:8680: $? = 0
configure:8687: test -z "$ac_c_werror_flag" || test ! -s conftest.err
configure:8690: $? = 0
configure:8697: test -s conftest.o
configure:8700: $? = 0
configure:8713: result: yes
configure:8653: checking for memory.h
configure:8674: gcc -c -g -O2 -DLINUX=2 -D_REENTRANT -D_GNU_SOURCE conftest.c >&5
configure:8680: $? = 0
configure:8687: test -z "$ac_c_werror_flag" || test ! -s conftest.err
configure:8690: $? = 0
configure:8697: test -s conftest.o
configure:8700: $? = 0
configure:8713: result: yes
configure:8653: checking for strings.h
configure:8674: gcc -c -g -O2 -DLINUX=2 -D_REENTRANT -D_GNU_SOURCE conftest.c >&5
configure:8680: $? = 0
configure:8687: test -z "$ac_c_werror_flag" || test ! -s conftest.err
configure:8690: $? = 0
configure:8697: test -s conftest.o
configure:8700: $? = 0
configure:8713: result: yes
configure:8653: checking for inttypes.h
configure:8674: gcc -c -g -O2 -DLINUX=2 -D_REENTRANT -D_GNU_SOURCE conftest.c >&5
configure:8680: $? = 0
configure:8687: test -z "$ac_c_werror_flag" || test ! -s conftest.err
configure:8690: $? = 0
configure:8697: test -s conftest.o
configure:8700: $? = 0
configure:8713: result: yes
configure:8653: checking for stdint.h
configure:8674: gcc -c -g -O2 -DLINUX=2 -D_REENTRANT -D_GNU_SOURCE conftest.c >&5
configure:8680: $? = 0
configure:8687: test -z "$ac_c_werror_flag" || test ! -s conftest.err
configure:8690: $? = 0
configure:8697: test -s conftest.o
configure:8700: $? = 0
configure:8713: result: yes
configure:8653: checking for unistd.h
configure:8674: gcc -c -g -O2 -DLINUX=2 -D_REENTRANT -D_GNU_SOURCE conftest.c >&5
configure:8680: $? = 0
configure:8687: test -z "$ac_c_werror_flag" || test ! -s conftest.err
configure:8690: $? = 0
configure:8697: test -s conftest.o
configure:8700: $? = 0
configure:8713: result: yes
configure:8735: checking minix/config.h usability
configure:8752: gcc -c -g -O2 -DLINUX=2 -D_REENTRANT -D_GNU_SOURCE conftest.c >&5
conftest.c:51:26: error: minix/config.h: No such file or directory
configure:8758: $? = 1
configure: failed program was:

## ---------------- ##
## Cache variables. ##
## ---------------- ##

ac_cv_build=i686-pc-linux-gnu
ac_cv_c_compiler_gnu=yes
ac_cv_env_CCC_set=
ac_cv_env_CCC_value=
ac_cv_env_CC_set=
ac_cv_env_CC_value=
ac_cv_env_CFLAGS_set=
ac_cv_env_CFLAGS_value=
ac_cv_env_CPPFLAGS_set=
ac_cv_env_CPPFLAGS_value=
ac_cv_env_CPP_set=
ac_cv_env_CPP_value=
ac_cv_env_CXXCPP_set=
ac_cv_env_CXXCPP_value=
ac_cv_env_CXXFLAGS_set=
ac_cv_env_CXXFLAGS_value=
ac_cv_env_CXX_set=
ac_cv_env_CXX_value=
ac_cv_env_F77_set=
ac_cv_env_F77_value=
ac_cv_env_FFLAGS_set=
ac_cv_env_FFLAGS_value=
ac_cv_env_LDFLAGS_set=
ac_cv_env_LDFLAGS_value=
ac_cv_env_build_alias_set=
ac_cv_env_build_alias_value=
ac_cv_env_host_alias_set=
ac_cv_env_host_alias_value=
ac_cv_env_target_alias_set=
ac_cv_env_target_alias_value=
ac_cv_header_inttypes_h=yes
ac_cv_header_memory_h=yes
ac_cv_header_stdc=yes
ac_cv_header_stdint_h=yes
ac_cv_header_stdlib_h=yes
ac_cv_header_string_h=yes
ac_cv_header_strings_h=yes
ac_cv_header_sys_stat_h=yes
ac_cv_header_sys_types_h=yes
ac_cv_header_unistd_h=yes
ac_cv_host=i686-pc-linux-gnu
ac_cv_mkdir_p=yes
ac_cv_objext=o
ac_cv_path_EGREP='/bin/grep -E'
ac_cv_path_GREP=/bin/grep
ac_cv_path_install='/usr/bin/install -c'
ac_cv_prog_AS=as
ac_cv_prog_ASCPP=cpp
ac_cv_prog_AWK=gawk
ac_cv_prog_CPP='gcc -E'
ac_cv_prog_RM=rm
ac_cv_prog_ac_ct_AR=ar
ac_cv_prog_ac_ct_CC=gcc
ac_cv_prog_ac_ct_RANLIB=ranlib
ac_cv_prog_cc_c89=
ac_cv_prog_cc_g=yes
ac_cv_prog_make_make_set=yes
ac_cv_search_strerror='none required'
ac_cv_target=i686-pc-linux-gnu

## ----------------- ##
## Output variables. ##
## ----------------- ##

APR_CONFIG_LOCATION='source'
APR_DOTTED_VERSION='1.2.12'
APR_LIBNAME=''
APR_MAJOR_VERSION='1'
AR='ar'
AS='as'
ASCPP='cpp'
AWK='gawk'
CC='gcc'
CFLAGS='-g -O2'
CPP='gcc -E'
CPPFLAGS='-DLINUX=2 -D_REENTRANT -D_GNU_SOURCE'
CXX=''
CXXCPP=''
CXXFLAGS=''
DEFAULT_OSDIR='unix'
DEFS=''
ECHO='echo'
ECHO_C=''
ECHO_N='-n'
ECHO_T=''
EGREP='/bin/grep -E'
EXEEXT=''
EXTRA_CFLAGS=''
EXTRA_CPPFLAGS=''
EXTRA_INCLUDES=''
EXTRA_LDFLAGS=''
EXTRA_LIBS=''
F77=''
FFLAGS=''
GREP='/bin/grep'
INCLUDES=''
INCLUDE_OUTPUTS=''
INCLUDE_RULES=''
INSTALL_DATA='${INSTALL} -m 644'
INSTALL_PROGRAM='${INSTALL}'
INSTALL_SCRIPT='${INSTALL}'
INSTALL_SUBDIRS=''
LDFLAGS=''
LDLIBS=''
LIBOBJS=''
LIBS=''
LIBTOOL=''
LIBTOOL_LIBS=''
LN_S='ln -s'
LTFLAGS=''
LTLIBOBJS=''
LT_LDFLAGS=''
LT_NO_INSTALL=''
MKDEP=''
NOTEST_CFLAGS=''
NOTEST_CPPFLAGS=''
NOTEST_INCLUDES=''
NOTEST_LDFLAGS=''
NOTEST_LIBS=''
OBJECTS_PLATFORM=''
OBJEXT='o'
OSDIR=''
PACKAGE_BUGREPORT=''
PACKAGE_NAME=''
PACKAGE_STRING=''
PACKAGE_TARNAME=''
PACKAGE_VERSION=''
PATH_SEPARATOR=':'
RANLIB='ranlib'
RM='rm'
SET_MAKE=''
SHELL='/bin/sh'
STRIP=''
ac_ct_CC='gcc'
ac_ct_CXX=''
ac_ct_F77=''
acceptfilter=''
apr_builddir='/root/download/startuppack/httpd/srclib/apr'
apr_builders='/root/download/startuppack/httpd/srclib/apr/build'
apr_charset_ebcdic=''
apr_inaddr_none=''
apr_srcdir='/root/download/startuppack/httpd/srclib/apr'
apr_tcp_nopush_flag=''
aprdso=''
aprlfs=''
arpa_ineth=''
bigendian=''
bindir='${prefix}/bin'
build='i686-pc-linux-gnu'
build_alias=''
build_cpu='i686'
build_os='linux-gnu'
build_vendor='pc'
conioh=''
crypth=''
ctypeh=''
datadir='/usr/local/apache2'
datarootdir='${prefix}/share'
direnth=''
docdir='${datarootdir}/doc/${PACKAGE}'
dvidir='${docdir}'
eolstr=''
errnoh=''
exec_prefix='/usr/local/apache2'
export_lib_target=''
fcntlh=''
fcntlser=''
file_as_socket=''
flockser=''
fork=''
hasfcntlser=''
hasflockser=''
hasposixser=''
hasprocpthreadser=''
hassysvser=''
have_corkable_tcp=''
have_getrlimit=''
have_in_addr=''
have_inet_addr=''
have_inet_network=''
have_ipv6=''
have_memchr=''
have_memmove=''
have_sa_storage=''
have_sctp=''
have_setrlimit=''
have_sigaction=''
have_sigsuspend=''
have_sigwait=''
have_strcasecmp=''
have_strdup=''
have_stricmp=''
have_strncasecmp=''
have_strnicmp=''
have_strstr=''
have_union_semun=''
havebeosarea=''
havemmapanon=''
havemmapshm=''
havemmaptmp=''
havemmapzero=''
haveos2shm=''
haveshmget=''
haveshmgetanon=''
host='i686-pc-linux-gnu'
host_alias=''
host_cpu='i686'
host_os='linux-gnu'
host_vendor='pc'
htmldir='${docdir}'
includedir='/usr/local/apache2/include'
infodir='${datarootdir}/info'
ino_t_value=''
installbuilddir='${datadir}/build-${APR_MAJOR_VERSION}'
int64_literal=''
int64_t_fmt=''
int64_value=''
int_value=''
ioh=''
lib_target=''
libdir='${prefix}/lib'
libexecdir='${exec_prefix}/modules'
limitsh=''
link=''
localedir='${datarootdir}/locale'
localstatedir='${prefix}'
long_value=''
lt_compile=''
mandir='${prefix}/man'
mmap=''
netdbh=''
netinet_inh=''
netinet_sctp_uioh=''
netinet_sctph=''
netinet_tcph=''
o_nonblock_inherited=''
oc=''
off_t_fmt=''
off_t_value=''
oldincludedir='/usr/include'
osuuid=''
pdfdir='${docdir}'
pid_t_fmt=''
posixser=''
prefix='/usr/local/apache2'
proc_mutex_is_global=''
proclockglobal=''
procpthreadser=''
program_transform_name='s,x,x,'
psdir='${docdir}'
pthreadh=''
pthreadser=''
rand=''
sbindir='${exec_prefix}/bin'
semaphoreh=''
sendfile=''
sharedmem=''
sharedstatedir='${prefix}/com'
shlibpath_var=''
short_value=''
signalh=''
size_t_fmt=''
size_t_value=''
so_ext=''
socklen_t_value=''
ssize_t_fmt=''
ssize_t_value=''
stdargh=''
stdint=''
stdioh=''
stdlibh=''
stringh=''
stringsh=''
struct_rlimit=''
sys_ioctlh=''
sys_sendfileh=''
sys_signalh=''
sys_socketh=''
sys_sockioh=''
sys_syslimitsh=''
sys_timeh=''
sys_typesh=''
sys_uioh=''
sys_unh=''
sys_waith=''
sysconfdir='${prefix}/conf'
sysvser=''
target='i686-pc-linux-gnu'
target_alias=''
target_cpu='i686'
target_os='linux-gnu'
target_vendor='pc'
tcp_nodelay_inherited=''
threads=''
timeh=''
top_builddir='/root/download/startuppack/httpd/srclib/apr'
uint64_literal=''
uint64_t_fmt=''
uint64_t_hex_fmt=''
unistdh=''
usebeosarea=''
usemmapanon=''
usemmapshm=''
usemmaptmp=''
usemmapzero=''
useos2shm=''
useshmget=''
useshmgetanon=''
voidp_size=''

## ----------- ##
## confdefs.h. ##
## ----------- ##

#define PACKAGE_NAME ""
#define PACKAGE_TARNAME ""
#define PACKAGE_VERSION ""
#define PACKAGE_STRING ""
#define PACKAGE_BUGREPORT ""
#define STDC_HEADERS 1
#define HAVE_SYS_TYPES_H 1
#define HAVE_SYS_STAT_H 1
#define HAVE_STDLIB_H 1
#define HAVE_STRING_H 1
#define HAVE_MEMORY_H 1
#define HAVE_STRINGS_H 1
#define HAVE_INTTYPES_H 1
#define HAVE_STDINT_H 1
#define HAVE_UNISTD_H 1

configure: caught signal 2
configure: exit 1
