This file contains any messages produced by compilers while
running configure, to aid debugging if configure makes a mistake.

It was created by configure, which was
generated by GNU Autoconf 2.60.  Invocation command line was

  $ /root/download/startuppack/httpd-2.2.8/srclib/apr-util/configure --prefix=/usr/local/apache2 --enable-mods-shared=all proxy proxy-ajp proxy-balancer filter deflate expires ssl rewrite mime-magic mem-cache info disk-cache dav dav-fs dav-lock --with-mpm=worker --cache-file=/dev/null --srcdir=/root/download/startuppack/httpd-2.2.8/srclib/apr-util --with-apr=../apr --prefix=/usr/local/apache2 --exec-prefix=/usr/local/apache2 --libdir=${prefix}/lib --includedir=/usr/local/apache2/include --bindir=${prefix}/bin

## --------- ##
## Platform. ##
## --------- ##

hostname = server01.idega.com
uname -m = i686
uname -r = 2.6.18-92.1.17.el5
uname -s = Linux
uname -v = #1 SMP Tue Nov 4 13:45:01 EST 2008

/usr/bin/uname -p = unknown
/bin/uname -X     = unknown

/bin/arch              = i686
/usr/bin/arch -k       = unknown
/usr/convex/getsysinfo = unknown
/usr/bin/hostinfo      = unknown
/bin/machine           = unknown
/usr/bin/oslevel       = unknown
/bin/universe          = unknown

PATH: /usr/kerberos/sbin
PATH: /usr/kerberos/bin
PATH: /usr/local/sbin
PATH: /usr/local/bin
PATH: /sbin
PATH: /bin
PATH: /usr/sbin
PATH: /usr/bin
PATH: /root/bin


## ----------- ##
## Core tests. ##
## ----------- ##

configure:2061: checking build system type
configure:2079: result: i686-pc-linux-gnu
configure:2101: checking host system type
configure:2116: result: i686-pc-linux-gnu
configure:2138: checking target system type
configure:2153: result: i686-pc-linux-gnu
configure:2195: checking for a BSD-compatible install
configure:2251: result: /usr/bin/install -c
configure:2279: checking for working mkdir -p
configure:2295: result: yes
configure:2386: checking for chosen layout
configure:2388: result: apr-util
configure:2562: checking for gcc
configure:2578: found /usr/bin/gcc
configure:2589: result: gcc
configure:2827: checking for C compiler version
configure:2834: gcc --version >&5
gcc (GCC) 4.1.2 20071124 (Red Hat 4.1.2-42)
Copyright (C) 2006 Free Software Foundation, Inc.
This is free software; see the source for copying conditions.  There is NO
warranty; not even for MERCHANTABILITY or FITNESS FOR A PARTICULAR PURPOSE.

configure:2837: $? = 0
configure:2844: gcc -v >&5
Using built-in specs.
Target: i386-redhat-linux
Configured with: ../configure --prefix=/usr --mandir=/usr/share/man --infodir=/usr/share/info --enable-shared --enable-threads=posix --enable-checking=release --with-system-zlib --enable-__cxa_atexit --disable-libunwind-exceptions --enable-libgcj-multifile --enable-languages=c,c++,objc,obj-c++,java,fortran,ada --enable-java-awt=gtk --disable-dssi --enable-plugin --with-java-home=/usr/lib/jvm/java-1.4.2-gcj-1.4.2.0/jre --with-cpu=generic --host=i386-redhat-linux
Thread model: posix
gcc version 4.1.2 20071124 (Red Hat 4.1.2-42)
configure:2847: $? = 0
configure:2854: gcc -V >&5
gcc: '-V' option must have argument
configure:2857: $? = 1
configure:2880: checking for C compiler default output file name
configure:2907: gcc    conftest.c  >&5
configure:2910: $? = 0
configure:2956: result: a.out
configure:2961: checking whether the C compiler works
configure:2971: ./a.out
configure:2974: $? = 0
configure:2991: result: yes
configure:2998: checking whether we are cross compiling
configure:3000: result: no
configure:3003: checking for suffix of executables
configure:3010: gcc -o conftest    conftest.c  >&5
configure:3013: $? = 0
configure:3037: result: 
configure:3043: checking for suffix of object files
configure:3069: gcc -c   conftest.c >&5
configure:3072: $? = 0
configure:3095: result: o
configure:3099: checking whether we are using the GNU C compiler
configure:3128: gcc -c   conftest.c >&5
configure:3134: $? = 0
configure:3141: test -z "$ac_c_werror_flag" || test ! -s conftest.err
configure:3144: $? = 0
configure:3151: test -s conftest.o
configure:3154: $? = 0
configure:3168: result: yes
configure:3173: checking whether gcc accepts -g
configure:3203: gcc -c -g  conftest.c >&5
configure:3209: $? = 0
configure:3216: test -z "$ac_c_werror_flag" || test ! -s conftest.err
configure:3219: $? = 0
configure:3226: test -s conftest.o
configure:3229: $? = 0
configure:3359: result: yes
configure:3376: checking for gcc option to accept ISO C89
configure:3450: gcc  -c -g -O2  conftest.c >&5
configure:3456: $? = 0
configure:3463: test -z "$ac_c_werror_flag" || test ! -s conftest.err
configure:3466: $? = 0
configure:3473: test -s conftest.o
configure:3476: $? = 0
configure:3496: result: none needed
configure:3714: checking for APR
configure:3796: result: yes
configure:4030: checking how to run the C preprocessor
configure:4160: result: gcc -E
configure:4189: gcc -E  -DLINUX=2 -D_REENTRANT -D_GNU_SOURCE -D_LARGEFILE64_SOURCE conftest.c
configure:4195: $? = 0
configure:4233: gcc -E  -DLINUX=2 -D_REENTRANT -D_GNU_SOURCE -D_LARGEFILE64_SOURCE conftest.c
conftest.c:8:28: error: ac_nonexistent.h: No such file or directory
configure:4239: $? = 1
configure: failed program was:
| /* confdefs.h.  */
| #define PACKAGE_NAME ""
| #define PACKAGE_TARNAME ""
| #define PACKAGE_VERSION ""
| #define PACKAGE_STRING ""
| #define PACKAGE_BUGREPORT ""
| /* end confdefs.h.  */
| #include <ac_nonexistent.h>
configure:4284: checking for grep that handles long lines and -e
configure:4358: result: /bin/grep
configure:4363: checking for egrep
configure:4441: result: /bin/grep -E
configure:4446: checking for ANSI C header files
configure:4476: gcc -c -g -O2 -pthread  -DLINUX=2 -D_REENTRANT -D_GNU_SOURCE -D_LARGEFILE64_SOURCE conftest.c >&5
configure:4482: $? = 0
configure:4489: test -z "$ac_c_werror_flag" || test ! -s conftest.err
configure:4492: $? = 0
configure:4499: test -s conftest.o
configure:4502: $? = 0
configure:4598: gcc -o conftest -g -O2 -pthread  -DLINUX=2 -D_REENTRANT -D_GNU_SOURCE -D_LARGEFILE64_SOURCE  conftest.c  >&5
configure:4601: $? = 0
configure:4607: ./conftest
configure:4610: $? = 0
configure:4627: result: yes
configure:4651: checking for sys/types.h
configure:4672: gcc -c -g -O2 -pthread  -DLINUX=2 -D_REENTRANT -D_GNU_SOURCE -D_LARGEFILE64_SOURCE conftest.c >&5
configure:4678: $? = 0
configure:4685: test -z "$ac_c_werror_flag" || test ! -s conftest.err
configure:4688: $? = 0
configure:4695: test -s conftest.o
configure:4698: $? = 0
configure:4711: result: yes
configure:4651: checking for sys/stat.h
configure:4672: gcc -c -g -O2 -pthread  -DLINUX=2 -D_REENTRANT -D_GNU_SOURCE -D_LARGEFILE64_SOURCE conftest.c >&5
configure:4678: $? = 0
configure:4685: test -z "$ac_c_werror_flag" || test ! -s conftest.err
configure:4688: $? = 0
configure:4695: test -s conftest.o
configure:4698: $? = 0
configure:4711: result: yes
configure:4651: checking for stdlib.h
configure:4672: gcc -c -g -O2 -pthread  -DLINUX=2 -D_REENTRANT -D_GNU_SOURCE -D_LARGEFILE64_SOURCE conftest.c >&5
configure:4678: $? = 0
configure:4685: test -z "$ac_c_werror_flag" || test ! -s conftest.err
configure:4688: $? = 0
configure:4695: test -s conftest.o
configure:4698: $? = 0
configure:4711: result: yes
configure:4651: checking for string.h
configure:4672: gcc -c -g -O2 -pthread  -DLINUX=2 -D_REENTRANT -D_GNU_SOURCE -D_LARGEFILE64_SOURCE conftest.c >&5
configure:4678: $? = 0
configure:4685: test -z "$ac_c_werror_flag" || test ! -s conftest.err
configure:4688: $? = 0
configure:4695: test -s conftest.o
configure:4698: $? = 0
configure:4711: result: yes
configure:4651: checking for memory.h
configure:4672: gcc -c -g -O2 -pthread  -DLINUX=2 -D_REENTRANT -D_GNU_SOURCE -D_LARGEFILE64_SOURCE conftest.c >&5
configure:4678: $? = 0
configure:4685: test -z "$ac_c_werror_flag" || test ! -s conftest.err
configure:4688: $? = 0
configure:4695: test -s conftest.o
configure:4698: $? = 0
configure:4711: result: yes
configure:4651: checking for strings.h
configure:4672: gcc -c -g -O2 -pthread  -DLINUX=2 -D_REENTRANT -D_GNU_SOURCE -D_LARGEFILE64_SOURCE conftest.c >&5
configure:4678: $? = 0
configure:4685: test -z "$ac_c_werror_flag" || test ! -s conftest.err
configure:4688: $? = 0
configure:4695: test -s conftest.o
configure:4698: $? = 0
configure:4711: result: yes
configure:4651: checking for inttypes.h
configure:4672: gcc -c -g -O2 -pthread  -DLINUX=2 -D_REENTRANT -D_GNU_SOURCE -D_LARGEFILE64_SOURCE conftest.c >&5
configure:4678: $? = 0
configure:4685: test -z "$ac_c_werror_flag" || test ! -s conftest.err
configure:4688: $? = 0
configure:4695: test -s conftest.o
configure:4698: $? = 0
configure:4711: result: yes
configure:4651: checking for stdint.h
configure:4672: gcc -c -g -O2 -pthread  -DLINUX=2 -D_REENTRANT -D_GNU_SOURCE -D_LARGEFILE64_SOURCE conftest.c >&5
configure:4678: $? = 0
configure:4685: test -z "$ac_c_werror_flag" || test ! -s conftest.err
configure:4688: $? = 0
configure:4695: test -s conftest.o
configure:4698: $? = 0
configure:4711: result: yes
configure:4651: checking for unistd.h
configure:4672: gcc -c -g -O2 -pthread  -DLINUX=2 -D_REENTRANT -D_GNU_SOURCE -D_LARGEFILE64_SOURCE conftest.c >&5
configure:4678: $? = 0
configure:4685: test -z "$ac_c_werror_flag" || test ! -s conftest.err
configure:4688: $? = 0
configure:4695: test -s conftest.o
configure:4698: $? = 0
configure:4711: result: yes
configure:39251: checking for default DBM
configure:39253: result: sdbm (default)
configure:40601: checking libpq-fe.h usability
configure:40618: gcc -c -g -O2 -pthread  -DLINUX=2 -D_REENTRANT -D_GNU_SOURCE -D_LARGEFILE64_SOURCE conftest.c >&5
conftest.c:51:22: error: libpq-fe.h: No such file or directory
configure:40624: $? = 1
configure: failed program was:
| /* confdefs.h.  */
| #define PACKAGE_NAME ""
| #define PACKAGE_TARNAME ""
| #define PACKAGE_VERSION ""
| #define PACKAGE_STRING ""
| #define PACKAGE_BUGREPORT ""
| #define STDC_HEADERS 1
| #define HAVE_SYS_TYPES_H 1
| #define HAVE_SYS_STAT_H 1
| #define HAVE_STDLIB_H 1
| #define HAVE_STRING_H 1
| #define HAVE_MEMORY_H 1
| #define HAVE_STRINGS_H 1
| #define HAVE_INTTYPES_H 1
| #define HAVE_STDINT_H 1
| #define HAVE_UNISTD_H 1
| /* end confdefs.h.  */
| #include <stdio.h>
| #if HAVE_SYS_TYPES_H
| # include <sys/types.h>
| #endif
| #if HAVE_SYS_STAT_H
| # include <sys/stat.h>
| #endif
| #if STDC_HEADERS
| # include <stdlib.h>
| # include <stddef.h>
| #else
| # if HAVE_STDLIB_H
| #  include <stdlib.h>
| # endif
| #endif
| #if HAVE_STRING_H
| # if !STDC_HEADERS && HAVE_MEMORY_H
| #  include <memory.h>
| # endif
| # include <string.h>
| #endif
| #if HAVE_STRINGS_H
| # include <strings.h>
| #endif
| #if HAVE_INTTYPES_H
| # include <inttypes.h>
| #endif
| #if HAVE_STDINT_H
| # include <stdint.h>
| #endif
| #if HAVE_UNISTD_H
| # include <unistd.h>
| #endif
| #include <libpq-fe.h>
configure:40655: result: no
configure:40659: checking libpq-fe.h presence
configure:40674: gcc -E  -DLINUX=2 -D_REENTRANT -D_GNU_SOURCE -D_LARGEFILE64_SOURCE conftest.c
conftest.c:18:22: error: libpq-fe.h: No such file or directory
configure:40680: $? = 1
configure: failed program was:
| /* confdefs.h.  */
| #define PACKAGE_NAME ""
| #define PACKAGE_TARNAME ""
| #define PACKAGE_VERSION ""
| #define PACKAGE_STRING ""
| #define PACKAGE_BUGREPORT ""
| #define STDC_HEADERS 1
| #define HAVE_SYS_TYPES_H 1
| #define HAVE_SYS_STAT_H 1
| #define HAVE_STDLIB_H 1
| #define HAVE_STRING_H 1
| #define HAVE_MEMORY_H 1
| #define HAVE_STRINGS_H 1
| #define HAVE_INTTYPES_H 1
| #define HAVE_STDINT_H 1
| #define HAVE_UNISTD_H 1
| /* end confdefs.h.  */
| #include <libpq-fe.h>
configure:40701: result: no
configure:40729: checking for libpq-fe.h
configure:40737: result: no
configure:42868: checking sqlite3.h usability
configure:42885: gcc -c -g -O2 -pthread  -DLINUX=2 -D_REENTRANT -D_GNU_SOURCE -D_LARGEFILE64_SOURCE conftest.c >&5
configure:42891: $? = 0
configure:42898: test -z "$ac_c_werror_flag" || test ! -s conftest.err
configure:42901: $? = 0
configure:42908: test -s conftest.o
configure:42911: $? = 0
configure:42922: result: yes
configure:42926: checking sqlite3.h presence
configure:42941: gcc -E  -DLINUX=2 -D_REENTRANT -D_GNU_SOURCE -D_LARGEFILE64_SOURCE conftest.c
configure:42947: $? = 0
configure:42968: result: yes
configure:42996: checking for sqlite3.h
configure:43004: result: yes
configure:43012: checking for sqlite3_open in -lsqlite3
configure:43047: gcc -o conftest -g -O2 -pthread  -DLINUX=2 -D_REENTRANT -D_GNU_SOURCE -D_LARGEFILE64_SOURCE  conftest.c -lsqlite3   >&5
configure:43053: $? = 0
configure:43060: test -z "$ac_c_werror_flag" || test ! -s conftest.err
configure:43063: $? = 0
configure:43070: test -s conftest
configure:43073: $? = 0
configure:43087: result: yes
configure:43766: checking sqlite.h usability
configure:43783: gcc -c -g -O2 -pthread  -DLINUX=2 -D_REENTRANT -D_GNU_SOURCE -D_LARGEFILE64_SOURCE conftest.c >&5
conftest.c:52:20: error: sqlite.h: No such file or directory
configure:43789: $? = 1
configure: failed program was:
| /* confdefs.h.  */
| #define PACKAGE_NAME ""
| #define PACKAGE_TARNAME ""
| #define PACKAGE_VERSION ""
| #define PACKAGE_STRING ""
| #define PACKAGE_BUGREPORT ""
| #define STDC_HEADERS 1
| #define HAVE_SYS_TYPES_H 1
| #define HAVE_SYS_STAT_H 1
| #define HAVE_STDLIB_H 1
| #define HAVE_STRING_H 1
| #define HAVE_MEMORY_H 1
| #define HAVE_STRINGS_H 1
| #define HAVE_INTTYPES_H 1
| #define HAVE_STDINT_H 1
| #define HAVE_UNISTD_H 1
| #define HAVE_SQLITE3_H 1
| /* end confdefs.h.  */
| #include <stdio.h>
| #if HAVE_SYS_TYPES_H
| # include <sys/types.h>
| #endif
| #if HAVE_SYS_STAT_H
| # include <sys/stat.h>
| #endif
| #if STDC_HEADERS
| # include <stdlib.h>
| # include <stddef.h>
| #else
| # if HAVE_STDLIB_H
| #  include <stdlib.h>
| # endif
| #endif
| #if HAVE_STRING_H
| # if !STDC_HEADERS && HAVE_MEMORY_H
| #  include <memory.h>
| # endif
| # include <string.h>
| #endif
| #if HAVE_STRINGS_H
| # include <strings.h>
| #endif
| #if HAVE_INTTYPES_H
| # include <inttypes.h>
| #endif
| #if HAVE_STDINT_H
| # include <stdint.h>
| #endif
| #if HAVE_UNISTD_H
| # include <unistd.h>
| #endif
| #include <sqlite.h>
configure:43820: result: no
configure:43824: checking sqlite.h presence
configure:43839: gcc -E  -DLINUX=2 -D_REENTRANT -D_GNU_SOURCE -D_LARGEFILE64_SOURCE conftest.c
conftest.c:19:20: error: sqlite.h: No such file or directory
configure:43845: $? = 1
configure: failed program was:
| /* confdefs.h.  */
| #define PACKAGE_NAME ""
| #define PACKAGE_TARNAME ""
| #define PACKAGE_VERSION ""
| #define PACKAGE_STRING ""
| #define PACKAGE_BUGREPORT ""
| #define STDC_HEADERS 1
| #define HAVE_SYS_TYPES_H 1
| #define HAVE_SYS_STAT_H 1
| #define HAVE_STDLIB_H 1
| #define HAVE_STRING_H 1
| #define HAVE_MEMORY_H 1
| #define HAVE_STRINGS_H 1
| #define HAVE_INTTYPES_H 1
| #define HAVE_STDINT_H 1
| #define HAVE_UNISTD_H 1
| #define HAVE_SQLITE3_H 1
| /* end confdefs.h.  */
| #include <sqlite.h>
configure:43866: result: no
configure:43894: checking for sqlite.h
configure:43902: result: no
configure:44170: checking Expat 1.95.x
configure:44200: gcc -o conftest -g -O2 -pthread  -DLINUX=2 -D_REENTRANT -D_GNU_SOURCE -D_LARGEFILE64_SOURCE  conftest.c  -lexpat >&5
configure:44206: $? = 0
configure:44213: test -z "$ac_c_werror_flag" || test ! -s conftest.err
configure:44216: $? = 0
configure:44223: test -s conftest
configure:44226: $? = 0
configure:44241: result: yes
configure:45103: checking iconv.h usability
configure:45120: gcc -c -g -O2 -pthread  -DLINUX=2 -D_REENTRANT -D_GNU_SOURCE -D_LARGEFILE64_SOURCE conftest.c >&5
configure:45126: $? = 0
configure:45133: test -z "$ac_c_werror_flag" || test ! -s conftest.err
configure:45136: $? = 0
configure:45143: test -s conftest.o
configure:45146: $? = 0
configure:45157: result: yes
configure:45161: checking iconv.h presence
configure:45176: gcc -E  -DLINUX=2 -D_REENTRANT -D_GNU_SOURCE -D_LARGEFILE64_SOURCE conftest.c
configure:45182: $? = 0
configure:45203: result: yes
configure:45231: checking for iconv.h
configure:45238: result: yes
configure:45272: gcc -o conftest -g -O2 -pthread  -DLINUX=2 -D_REENTRANT -D_GNU_SOURCE -D_LARGEFILE64_SOURCE  conftest.c  >&5
configure:45278: $? = 0
configure:45285: test -z "$ac_c_werror_flag" || test ! -s conftest.err
configure:45288: $? = 0
configure:45295: test -s conftest
configure:45298: $? = 0
configure:45569: checking for type of inbuf parameter to iconv
configure:45596: gcc -c -g -O2 -pthread  -Werror  -DLINUX=2 -D_REENTRANT -D_GNU_SOURCE -D_LARGEFILE64_SOURCE conftest.c >&5
configure:45602: $? = 0
configure:45609: test -z "$ac_c_werror_flag" || test ! -s conftest.err
configure:45612: $? = 0
configure:45619: test -s conftest.o
configure:45622: $? = 0
configure:45646: result: char **
configure:45658: checking for iconv.h
configure:45664: result: yes
configure:45668: checking langinfo.h usability
configure:45685: gcc -c -g -O2 -pthread  -DLINUX=2 -D_REENTRANT -D_GNU_SOURCE -D_LARGEFILE64_SOURCE conftest.c >&5
configure:45691: $? = 0
configure:45698: test -z "$ac_c_werror_flag" || test ! -s conftest.err
configure:45701: $? = 0
configure:45708: test -s conftest.o
configure:45711: $? = 0
configure:45722: result: yes
configure:45726: checking langinfo.h presence
configure:45741: gcc -E  -DLINUX=2 -D_REENTRANT -D_GNU_SOURCE -D_LARGEFILE64_SOURCE conftest.c
configure:45747: $? = 0
configure:45768: result: yes
configure:45796: checking for langinfo.h
configure:45804: result: yes
configure:45833: checking for nl_langinfo
configure:45889: gcc -o conftest -g -O2 -pthread  -DLINUX=2 -D_REENTRANT -D_GNU_SOURCE -D_LARGEFILE64_SOURCE  conftest.c  >&5
configure:45895: $? = 0
configure:45902: test -z "$ac_c_werror_flag" || test ! -s conftest.err
configure:45905: $? = 0
configure:45912: test -s conftest
configure:45915: $? = 0
configure:45929: result: yes
configure:45950: checking for CODESET in langinfo.h
configure:45979: result: yes
configure:45994: checking for library containing crypt
configure:46035: gcc -o conftest -g -O2 -pthread  -DLINUX=2 -D_REENTRANT -D_GNU_SOURCE -D_LARGEFILE64_SOURCE  conftest.c  >&5
/tmp/ccUsCWwV.o: In function `main':
/root/download/startuppack/httpd-2.2.8/srclib/apr-util/conftest.c:35: undefined reference to `crypt'
collect2: ld returned 1 exit status
configure:46041: $? = 1
configure: failed program was:
| /* confdefs.h.  */
| #define PACKAGE_NAME ""
| #define PACKAGE_TARNAME ""
| #define PACKAGE_VERSION ""
| #define PACKAGE_STRING ""
| #define PACKAGE_BUGREPORT ""
| #define STDC_HEADERS 1
| #define HAVE_SYS_TYPES_H 1
| #define HAVE_SYS_STAT_H 1
| #define HAVE_STDLIB_H 1
| #define HAVE_STRING_H 1
| #define HAVE_MEMORY_H 1
| #define HAVE_STRINGS_H 1
| #define HAVE_INTTYPES_H 1
| #define HAVE_STDINT_H 1
| #define HAVE_UNISTD_H 1
| #define HAVE_SQLITE3_H 1
| #define HAVE_EXPAT_H 1
| #define HAVE_ICONV_H 1
| #define HAVE_LANGINFO_H 1
| #define HAVE_NL_LANGINFO 1
| #define HAVE_CODESET 1
| /* end confdefs.h.  */
| 
| /* Override any GCC internal prototype to avoid an error.
|    Use char because int might match the return type of a GCC
|    builtin and then its argument prototype would still apply.  */
| #ifdef __cplusplus
| extern "C"
| #endif
| char crypt ();
| int
| main ()
| {
| return crypt ();
|   ;
|   return 0;
| }
configure:46035: gcc -o conftest -g -O2 -pthread  -DLINUX=2 -D_REENTRANT -D_GNU_SOURCE -D_LARGEFILE64_SOURCE  conftest.c -lcrypt   >&5
configure:46041: $? = 0
configure:46048: test -z "$ac_c_werror_flag" || test ! -s conftest.err
configure:46051: $? = 0
configure:46058: test -s conftest
configure:46061: $? = 0
configure:46085: result: -lcrypt
configure:46093: checking if system crypt() function is threadsafe
configure:46105: result: no
configure:46112: checking for crypt_r
configure:46168: gcc -o conftest -g -O2 -pthread  -DLINUX=2 -D_REENTRANT -D_GNU_SOURCE -D_LARGEFILE64_SOURCE  conftest.c -lcrypt  >&5
configure:46174: $? = 0
configure:46181: test -z "$ac_c_werror_flag" || test ! -s conftest.err
configure:46184: $? = 0
configure:46191: test -s conftest
configure:46194: $? = 0
configure:46208: result: yes
configure:46223: checking style of crypt_r
configure:46250: gcc -c -g -O2 -pthread  -DLINUX=2 -D_REENTRANT -D_GNU_SOURCE -D_LARGEFILE64_SOURCE conftest.c >&5
conftest.c: In function 'main':
conftest.c:29: error: 'CRYPTD' undeclared (first use in this function)
conftest.c:29: error: (Each undeclared identifier is reported only once
conftest.c:29: error: for each function it appears in.)
conftest.c:29: error: expected ';' before 'buffer'
conftest.c:30: error: 'buffer' undeclared (first use in this function)
configure:46256: $? = 1
configure: failed program was:
| /* confdefs.h.  */
| #define PACKAGE_NAME ""
| #define PACKAGE_TARNAME ""
| #define PACKAGE_VERSION ""
| #define PACKAGE_STRING ""
| #define PACKAGE_BUGREPORT ""
| #define STDC_HEADERS 1
| #define HAVE_SYS_TYPES_H 1
| #define HAVE_SYS_STAT_H 1
| #define HAVE_STDLIB_H 1
| #define HAVE_STRING_H 1
| #define HAVE_MEMORY_H 1
| #define HAVE_STRINGS_H 1
| #define HAVE_INTTYPES_H 1
| #define HAVE_STDINT_H 1
| #define HAVE_UNISTD_H 1
| #define HAVE_SQLITE3_H 1
| #define HAVE_EXPAT_H 1
| #define HAVE_ICONV_H 1
| #define HAVE_LANGINFO_H 1
| #define HAVE_NL_LANGINFO 1
| #define HAVE_CODESET 1
| #define HAVE_CRYPT_R 1
| /* end confdefs.h.  */
| #include <crypt.h>
| int
| main ()
| {
| CRYPTD buffer;
|   crypt_r("passwd", "hash", &buffer);
|   ;
|   return 0;
| }
configure:46305: gcc -c -g -O2 -pthread  -DLINUX=2 -D_REENTRANT -D_GNU_SOURCE -D_LARGEFILE64_SOURCE conftest.c >&5
configure:46311: $? = 0
configure:46318: test -z "$ac_c_werror_flag" || test ! -s conftest.err
configure:46321: $? = 0
configure:46328: test -s conftest.o
configure:46331: $? = 0
configure:46346: result: struct_crypt_data
configure:46541: creating ./config.status

## ---------------------- ##
## Running config.status. ##
## ---------------------- ##

This file was extended by config.status, which was
generated by GNU Autoconf 2.60.  Invocation command line was

  CONFIG_FILES    = 
  CONFIG_HEADERS  = 
  CONFIG_LINKS    = 
  CONFIG_COMMANDS = 
  $ ./config.status 

on server01.idega.com

config.status:677: creating Makefile
config.status:677: creating export_vars.sh
config.status:677: creating build/pkg/pkginfo
config.status:677: creating apr-util.pc
config.status:677: creating apu-1-config
config.status:677: creating include/private/apu_select_dbm.h
config.status:677: creating include/apr_ldap.h
config.status:677: creating include/apu.h
config.status:677: creating include/apu_want.h
config.status:677: creating test/Makefile
config.status:677: creating include/private/apu_config.h
config.status:903: include/private/apu_config.h is unchanged
config.status:916: executing default commands

## ---------------- ##
## Cache variables. ##
## ---------------- ##

ac_cv_build=i686-pc-linux-gnu
ac_cv_c_compiler_gnu=yes
ac_cv_define_CODESET=yes
ac_cv_env_CC_set=
ac_cv_env_CC_value=
ac_cv_env_CFLAGS_set=
ac_cv_env_CFLAGS_value=
ac_cv_env_CPPFLAGS_set=
ac_cv_env_CPPFLAGS_value=
ac_cv_env_CPP_set=
ac_cv_env_CPP_value=
ac_cv_env_LDFLAGS_set=
ac_cv_env_LDFLAGS_value=
ac_cv_env_build_alias_set=
ac_cv_env_build_alias_value=
ac_cv_env_host_alias_set=
ac_cv_env_host_alias_value=
ac_cv_env_target_alias_set=
ac_cv_env_target_alias_value=
ac_cv_func_crypt_r=yes
ac_cv_func_nl_langinfo=yes
ac_cv_header_iconv_h=yes
ac_cv_header_inttypes_h=yes
ac_cv_header_langinfo_h=yes
ac_cv_header_libpq_fe_h=no
ac_cv_header_memory_h=yes
ac_cv_header_sqlite3_h=yes
ac_cv_header_sqlite_h=no
ac_cv_header_stdc=yes
ac_cv_header_stdint_h=yes
ac_cv_header_stdlib_h=yes
ac_cv_header_string_h=yes
ac_cv_header_strings_h=yes
ac_cv_header_sys_stat_h=yes
ac_cv_header_sys_types_h=yes
ac_cv_header_unistd_h=yes
ac_cv_host=i686-pc-linux-gnu
ac_cv_lib_sqlite3_sqlite3_open=yes
ac_cv_mkdir_p=yes
ac_cv_objext=o
ac_cv_path_EGREP='/bin/grep -E'
ac_cv_path_GREP=/bin/grep
ac_cv_path_install='/usr/bin/install -c'
ac_cv_prog_CPP='gcc -E'
ac_cv_prog_ac_ct_CC=gcc
ac_cv_prog_cc_c89=
ac_cv_prog_cc_g=yes
ac_cv_search_crypt=-lcrypt
ac_cv_target=i686-pc-linux-gnu
apr_cv_crypt_r_style=struct_crypt_data
apu_cv_expat_system=yes

## ----------------- ##
## Output variables. ##
## ----------------- ##

APRUTIL_DOTTED_VERSION='1.2.12'
APRUTIL_EXPORT_LIBS='-lsqlite3 -lexpat'
APRUTIL_INCLUDES=''
APRUTIL_LDFLAGS=''
APRUTIL_LIBNAME='aprutil-${APRUTIL_MAJOR_VERSION}'
APRUTIL_LIBS='-lsqlite3 -lexpat /root/download/startuppack/httpd-2.2.8/srclib/apr/libapr-1.la -luuid -lrt -lcrypt -lpthread -ldl'
APRUTIL_MAJOR_VERSION='1'
APRUTIL_PRIV_INCLUDES='-I/root/download/startuppack/httpd-2.2.8/srclib/apr-util/include -I/root/download/startuppack/httpd-2.2.8/srclib/apr-util/include/private'
APR_BUILD_DIR='/root/download/startuppack/httpd-2.2.8/srclib/apr/build'
APR_ICONV_DIR=''
APR_INCLUDES=' -I/root/download/startuppack/httpd-2.2.8/srclib/apr/include '
APR_LIBS=' /root/download/startuppack/httpd-2.2.8/srclib/apr/libapr-1.la -luuid -lrt -lcrypt  -lpthread -ldl'
APR_XML_DIR=''
APU_CONFIG_LOCATION='source'
CC='gcc'
CFLAGS='-g -O2 -pthread'
CPP='gcc -E'
CPPFLAGS=' -DLINUX=2 -D_REENTRANT -D_GNU_SOURCE -D_LARGEFILE64_SOURCE'
DEFS='-DHAVE_CONFIG_H'
ECHO_C=''
ECHO_N='-n'
ECHO_T=''
EGREP='/bin/grep -E'
EXEEXT=''
GREP='/bin/grep'
INCLUDE_OUTPUTS='include /root/download/startuppack/httpd-2.2.8/srclib/apr-util/build-outputs.mk'
INCLUDE_RULES='include /root/download/startuppack/httpd-2.2.8/srclib/apr-util/build/rules.mk'
INSTALL_DATA='${INSTALL} -m 644'
INSTALL_PROGRAM='${INSTALL}'
INSTALL_SCRIPT='${INSTALL}'
LDFLAGS=''
LIBOBJS=''
LIBS='-lcrypt '
LTLIBOBJS=''
LT_NO_INSTALL='-no-install'
MYSQL_CONFIG=''
OBJEXT='o'
PACKAGE_BUGREPORT=''
PACKAGE_NAME=''
PACKAGE_STRING=''
PACKAGE_TARNAME=''
PACKAGE_VERSION=''
PATH_SEPARATOR=':'
SHELL='/bin/sh'
abs_builddir='/root/download/startuppack/httpd-2.2.8/srclib/apr-util'
abs_srcdir='/root/download/startuppack/httpd-2.2.8/srclib/apr-util'
ac_ct_CC='gcc'
apu_db_header='db.h'
apu_db_version='0'
apu_has_ldap='0'
apu_has_ldap_microsoft='0'
apu_has_ldap_mozilla='0'
apu_has_ldap_netscape='0'
apu_has_ldap_novell='0'
apu_has_ldap_openldap='0'
apu_has_ldap_other='0'
apu_has_ldap_solaris='0'
apu_has_ldap_sslinit='0'
apu_has_ldap_start_tls_s='0'
apu_has_ldap_zos='0'
apu_has_ldapssl_add_trusted_cert='0'
apu_has_ldapssl_client_deinit='0'
apu_has_ldapssl_client_init='0'
apu_has_ldapssl_init='0'
apu_has_ldapssl_install_routines='0'
apu_have_db='0'
apu_have_gdbm='0'
apu_have_mysql='0'
apu_have_ndbm='0'
apu_have_pgsql='0'
apu_have_sdbm='1'
apu_have_sqlite2='0'
apu_have_sqlite3='1'
apu_use_db='0'
apu_use_gdbm='0'
apu_use_ndbm='0'
apu_use_sdbm='1'
bindir='${prefix}/bin'
build='i686-pc-linux-gnu'
build_alias=''
build_cpu='i686'
build_os='linux-gnu'
build_vendor='pc'
datadir='${prefix}'
datarootdir='${prefix}/share'
docdir='${datarootdir}/doc/${PACKAGE}'
dvidir='${docdir}'
exec_prefix='/usr/local/apache2'
have_apr_iconv='0'
have_iconv='1'
host='i686-pc-linux-gnu'
host_alias=''
host_cpu='i686'
host_os='linux-gnu'
host_vendor='pc'
htmldir='${docdir}'
includedir='/usr/local/apache2/include'
infodir='${datarootdir}/info'
lber_h=''
ldap_h=''
ldap_ssl_h=''
lib_target='-rpath $(libdir) $(OBJECTS)'
libdir='${prefix}/lib'
libexecdir='${exec_prefix}/modules'
localedir='${datarootdir}/locale'
localstatedir='${prefix}'
mandir='${prefix}/man'
oldincludedir='/usr/include'
pdfdir='${docdir}'
prefix='/usr/local/apache2'
program_transform_name='s,x,x,'
psdir='${docdir}'
sbindir='${exec_prefix}/bin'
sharedstatedir='${prefix}/com'
so_ext='lo'
sysconfdir='${prefix}/conf'
target='i686-pc-linux-gnu'
target_alias=''
target_cpu='i686'
target_os='linux-gnu'
target_vendor='pc'
top_builddir='/root/download/startuppack/httpd-2.2.8/srclib/apr-util'

## ----------- ##
## confdefs.h. ##
## ----------- ##

#define PACKAGE_NAME ""
#define PACKAGE_TARNAME ""
#define PACKAGE_VERSION ""
#define PACKAGE_STRING ""
#define PACKAGE_BUGREPORT ""
#define STDC_HEADERS 1
#define HAVE_SYS_TYPES_H 1
#define HAVE_SYS_STAT_H 1
#define HAVE_STDLIB_H 1
#define HAVE_STRING_H 1
#define HAVE_MEMORY_H 1
#define HAVE_STRINGS_H 1
#define HAVE_INTTYPES_H 1
#define HAVE_STDINT_H 1
#define HAVE_UNISTD_H 1
#define HAVE_SQLITE3_H 1
#define HAVE_EXPAT_H 1
#define HAVE_ICONV_H 1
#define HAVE_LANGINFO_H 1
#define HAVE_NL_LANGINFO 1
#define HAVE_CODESET 1
#define HAVE_CRYPT_R 1
#define CRYPT_R_STRUCT_CRYPT_DATA 1

configure: exit 0
